ARM GAS  C:\Users\ADMH2\AppData\Local\Temp\ccdlzf7g.s 			page 1


   1              		.syntax unified
   2              		.cpu cortex-m3
   3              		.fpu softvfp
   4              		.eabi_attribute 20, 1
   5              		.eabi_attribute 21, 1
   6              		.eabi_attribute 23, 3
   7              		.eabi_attribute 24, 1
   8              		.eabi_attribute 25, 1
   9              		.eabi_attribute 26, 1
  10              		.eabi_attribute 30, 1
  11              		.eabi_attribute 34, 1
  12              		.eabi_attribute 18, 4
  13              		.thumb
  14              		.syntax unified
  15              		.file	"cymetadata.c"
  16              		.text
  17              	.Ltext0:
  18              		.cfi_sections	.debug_frame
  19              		.global	cy_metadata
  20              		.global	cy_meta_flashprotect
  21              		.global	cy_meta_wonvl
  22              		.global	cy_meta_custnvl
  23              		.global	cy_meta_configecc
  24              		.section	.cyconfigecc,"a",%progbits
  25              		.align	2
  26              		.type	cy_meta_configecc, %object
  27              		.size	cy_meta_configecc, 1280
  28              	cy_meta_configecc:
  29 0000 01       		.byte	1
  30 0001 4F       		.byte	79
  31 0002 00       		.byte	0
  32 0003 40       		.byte	64
  33 0004 05       		.byte	5
  34 0005 52       		.byte	82
  35 0006 00       		.byte	0
  36 0007 40       		.byte	64
  37 0008 01       		.byte	1
  38 0009 64       		.byte	100
  39 000a 00       		.byte	0
  40 000b 40       		.byte	64
  41 000c 3D       		.byte	61
  42 000d 00       		.byte	0
  43 000e 01       		.byte	1
  44 000f 40       		.byte	64
  45 0010 2F       		.byte	47
  46 0011 01       		.byte	1
  47 0012 01       		.byte	1
  48 0013 40       		.byte	64
  49 0014 14       		.byte	20
  50 0015 03       		.byte	3
  51 0016 01       		.byte	1
  52 0017 40       		.byte	64
  53 0018 0B       		.byte	11
  54 0019 05       		.byte	5
  55 001a 01       		.byte	1
  56 001b 40       		.byte	64
  57 001c 05       		.byte	5
ARM GAS  C:\Users\ADMH2\AppData\Local\Temp\ccdlzf7g.s 			page 2


  58 001d 07       		.byte	7
  59 001e 01       		.byte	1
  60 001f 40       		.byte	64
  61 0020 09       		.byte	9
  62 0021 09       		.byte	9
  63 0022 01       		.byte	1
  64 0023 40       		.byte	64
  65 0024 30       		.byte	48
  66 0025 0A       		.byte	10
  67 0026 01       		.byte	1
  68 0027 40       		.byte	64
  69 0028 34       		.byte	52
  70 0029 0B       		.byte	11
  71 002a 01       		.byte	1
  72 002b 40       		.byte	64
  73 002c 59       		.byte	89
  74 002d 0C       		.byte	12
  75 002e 01       		.byte	1
  76 002f 40       		.byte	64
  77 0030 36       		.byte	54
  78 0031 0D       		.byte	13
  79 0032 01       		.byte	1
  80 0033 40       		.byte	64
  81 0034 03       		.byte	3
  82 0035 15       		.byte	21
  83 0036 01       		.byte	1
  84 0037 40       		.byte	64
  85 0038 04       		.byte	4
  86 0039 17       		.byte	23
  87 003a 01       		.byte	1
  88 003b 40       		.byte	64
  89 003c 06       		.byte	6
  90 003d 19       		.byte	25
  91 003e 01       		.byte	1
  92 003f 40       		.byte	64
  93 0040 0A       		.byte	10
  94 0041 1B       		.byte	27
  95 0042 01       		.byte	1
  96 0043 40       		.byte	64
  97 0044 12       		.byte	18
  98 0045 40       		.byte	64
  99 0046 01       		.byte	1
 100 0047 40       		.byte	64
 101 0048 1C       		.byte	28
 102 0049 41       		.byte	65
 103 004a 01       		.byte	1
 104 004b 40       		.byte	64
 105 004c 0C       		.byte	12
 106 004d 42       		.byte	66
 107 004e 01       		.byte	1
 108 004f 40       		.byte	64
 109 0050 0B       		.byte	11
 110 0051 43       		.byte	67
 111 0052 01       		.byte	1
 112 0053 40       		.byte	64
 113 0054 08       		.byte	8
 114 0055 46       		.byte	70
ARM GAS  C:\Users\ADMH2\AppData\Local\Temp\ccdlzf7g.s 			page 3


 115 0056 01       		.byte	1
 116 0057 40       		.byte	64
 117 0058 03       		.byte	3
 118 0059 47       		.byte	71
 119 005a 01       		.byte	1
 120 005b 40       		.byte	64
 121 005c 09       		.byte	9
 122 005d 48       		.byte	72
 123 005e 01       		.byte	1
 124 005f 40       		.byte	64
 125 0060 13       		.byte	19
 126 0061 49       		.byte	73
 127 0062 01       		.byte	1
 128 0063 40       		.byte	64
 129 0064 05       		.byte	5
 130 0065 4C       		.byte	76
 131 0066 01       		.byte	1
 132 0067 40       		.byte	64
 133 0068 05       		.byte	5
 134 0069 4D       		.byte	77
 135 006a 01       		.byte	1
 136 006b 40       		.byte	64
 137 006c 04       		.byte	4
 138 006d 50       		.byte	80
 139 006e 01       		.byte	1
 140 006f 40       		.byte	64
 141 0070 03       		.byte	3
 142 0071 51       		.byte	81
 143 0072 01       		.byte	1
 144 0073 40       		.byte	64
 145 0074 0A       		.byte	10
 146 0075 4B       		.byte	75
 147 0076 00       		.byte	0
 148 0077 68       		.byte	104
 149 0078 01       		.byte	1
 150 0079 32       		.byte	50
 151 007a 08       		.byte	8
 152 007b 80       		.byte	-128
 153 007c 78       		.byte	120
 154 007d 20       		.byte	32
 155 007e 79       		.byte	121
 156 007f 02       		.byte	2
 157 0080 8A       		.byte	-118
 158 0081 0D       		.byte	13
 159 0082 0B       		.byte	11
 160 0083 01       		.byte	1
 161 0084 0F       		.byte	15
 162 0085 03       		.byte	3
 163 0086 12       		.byte	18
 164 0087 03       		.byte	3
 165 0088 14       		.byte	20
 166 0089 02       		.byte	2
 167 008a 16       		.byte	22
 168 008b 01       		.byte	1
 169 008c 18       		.byte	24
 170 008d 08       		.byte	8
 171 008e 1B       		.byte	27
ARM GAS  C:\Users\ADMH2\AppData\Local\Temp\ccdlzf7g.s 			page 4


 172 008f 02       		.byte	2
 173 0090 1E       		.byte	30
 174 0091 03       		.byte	3
 175 0092 20       		.byte	32
 176 0093 04       		.byte	4
 177 0094 24       		.byte	36
 178 0095 01       		.byte	1
 179 0096 26       		.byte	38
 180 0097 02       		.byte	2
 181 0098 2A       		.byte	42
 182 0099 08       		.byte	8
 183 009a 2B       		.byte	43
 184 009b 01       		.byte	1
 185 009c 2E       		.byte	46
 186 009d 08       		.byte	8
 187 009e 32       		.byte	50
 188 009f 03       		.byte	3
 189 00a0 34       		.byte	52
 190 00a1 0C       		.byte	12
 191 00a2 35       		.byte	53
 192 00a3 03       		.byte	3
 193 00a4 3E       		.byte	62
 194 00a5 04       		.byte	4
 195 00a6 58       		.byte	88
 196 00a7 04       		.byte	4
 197 00a8 59       		.byte	89
 198 00a9 04       		.byte	4
 199 00aa 5C       		.byte	92
 200 00ab 22       		.byte	34
 201 00ac 5F       		.byte	95
 202 00ad 01       		.byte	1
 203 00ae 87       		.byte	-121
 204 00af 04       		.byte	4
 205 00b0 8C       		.byte	-116
 206 00b1 02       		.byte	2
 207 00b2 8E       		.byte	-114
 208 00b3 04       		.byte	4
 209 00b4 98       		.byte	-104
 210 00b5 04       		.byte	4
 211 00b6 99       		.byte	-103
 212 00b7 06       		.byte	6
 213 00b8 9A       		.byte	-102
 214 00b9 02       		.byte	2
 215 00ba A3       		.byte	-93
 216 00bb 07       		.byte	7
 217 00bc A4       		.byte	-92
 218 00bd 01       		.byte	1
 219 00be AB       		.byte	-85
 220 00bf 03       		.byte	3
 221 00c0 AE       		.byte	-82
 222 00c1 01       		.byte	1
 223 00c2 B0       		.byte	-80
 224 00c3 06       		.byte	6
 225 00c4 B2       		.byte	-78
 226 00c5 01       		.byte	1
 227 00c6 B5       		.byte	-75
 228 00c7 06       		.byte	6
ARM GAS  C:\Users\ADMH2\AppData\Local\Temp\ccdlzf7g.s 			page 5


 229 00c8 B7       		.byte	-73
 230 00c9 01       		.byte	1
 231 00ca BE       		.byte	-66
 232 00cb 01       		.byte	1
 233 00cc C0       		.byte	-64
 234 00cd 43       		.byte	67
 235 00ce C6       		.byte	-58
 236 00cf 60       		.byte	96
 237 00d0 C7       		.byte	-57
 238 00d1 05       		.byte	5
 239 00d2 C8       		.byte	-56
 240 00d3 18       		.byte	24
 241 00d4 C9       		.byte	-55
 242 00d5 FF       		.byte	-1
 243 00d6 CA       		.byte	-54
 244 00d7 FF       		.byte	-1
 245 00d8 CB       		.byte	-53
 246 00d9 FF       		.byte	-1
 247 00da CD       		.byte	-51
 248 00db 10       		.byte	16
 249 00dc CE       		.byte	-50
 250 00dd 70       		.byte	112
 251 00de CF       		.byte	-49
 252 00df 0F       		.byte	15
 253 00e0 D0       		.byte	-48
 254 00e1 08       		.byte	8
 255 00e2 D8       		.byte	-40
 256 00e3 04       		.byte	4
 257 00e4 D9       		.byte	-39
 258 00e5 04       		.byte	4
 259 00e6 DA       		.byte	-38
 260 00e7 04       		.byte	4
 261 00e8 DB       		.byte	-37
 262 00e9 04       		.byte	4
 263 00ea DC       		.byte	-36
 264 00eb 22       		.byte	34
 265 00ec DD       		.byte	-35
 266 00ed 02       		.byte	2
 267 00ee DF       		.byte	-33
 268 00ef 01       		.byte	1
 269 00f0 E0       		.byte	-32
 270 00f1 10       		.byte	16
 271 00f2 E1       		.byte	-31
 272 00f3 BC       		.byte	-68
 273 00f4 E2       		.byte	-30
 274 00f5 10       		.byte	16
 275 00f6 E3       		.byte	-29
 276 00f7 58       		.byte	88
 277 00f8 E4       		.byte	-28
 278 00f9 90       		.byte	-112
 279 00fa E5       		.byte	-27
 280 00fb 58       		.byte	88
 281 00fc 05       		.byte	5
 282 00fd 10       		.byte	16
 283 00fe 06       		.byte	6
 284 00ff 04       		.byte	4
 285 0100 07       		.byte	7
ARM GAS  C:\Users\ADMH2\AppData\Local\Temp\ccdlzf7g.s 			page 6


 286 0101 02       		.byte	2
 287 0102 09       		.byte	9
 288 0103 A0       		.byte	-96
 289 0104 0A       		.byte	10
 290 0105 20       		.byte	32
 291 0106 0B       		.byte	11
 292 0107 40       		.byte	64
 293 0108 0E       		.byte	14
 294 0109 08       		.byte	8
 295 010a 10       		.byte	16
 296 010b 22       		.byte	34
 297 010c 12       		.byte	18
 298 010d 44       		.byte	68
 299 010e 16       		.byte	22
 300 010f 22       		.byte	34
 301 0110 19       		.byte	25
 302 0111 18       		.byte	24
 303 0112 1D       		.byte	29
 304 0113 08       		.byte	8
 305 0114 1F       		.byte	31
 306 0115 02       		.byte	2
 307 0116 20       		.byte	32
 308 0117 04       		.byte	4
 309 0118 21       		.byte	33
 310 0119 20       		.byte	32
 311 011a 25       		.byte	37
 312 011b 10       		.byte	16
 313 011c 27       		.byte	39
 314 011d 02       		.byte	2
 315 011e 28       		.byte	40
 316 011f 08       		.byte	8
 317 0120 2E       		.byte	46
 318 0121 22       		.byte	34
 319 0122 2F       		.byte	47
 320 0123 40       		.byte	64
 321 0124 31       		.byte	49
 322 0125 20       		.byte	32
 323 0126 35       		.byte	53
 324 0127 10       		.byte	16
 325 0128 3A       		.byte	58
 326 0129 60       		.byte	96
 327 012a 3B       		.byte	59
 328 012b 80       		.byte	-128
 329 012c 3C       		.byte	60
 330 012d 08       		.byte	8
 331 012e 45       		.byte	69
 332 012f 08       		.byte	8
 333 0130 47       		.byte	71
 334 0131 02       		.byte	2
 335 0132 54       		.byte	84
 336 0133 04       		.byte	4
 337 0134 56       		.byte	86
 338 0135 20       		.byte	32
 339 0136 6D       		.byte	109
 340 0137 08       		.byte	8
 341 0138 6E       		.byte	110
 342 0139 A2       		.byte	-94
ARM GAS  C:\Users\ADMH2\AppData\Local\Temp\ccdlzf7g.s 			page 7


 343 013a 74       		.byte	116
 344 013b 48       		.byte	72
 345 013c 77       		.byte	119
 346 013d 08       		.byte	8
 347 013e 82       		.byte	-126
 348 013f 01       		.byte	1
 349 0140 87       		.byte	-121
 350 0141 02       		.byte	2
 351 0142 88       		.byte	-120
 352 0143 40       		.byte	64
 353 0144 8A       		.byte	-118
 354 0145 50       		.byte	80
 355 0146 8D       		.byte	-115
 356 0147 14       		.byte	20
 357 0148 C0       		.byte	-64
 358 0149 80       		.byte	-128
 359 014a C2       		.byte	-62
 360 014b 4F       		.byte	79
 361 014c C4       		.byte	-60
 362 014d AF       		.byte	-81
 363 014e CA       		.byte	-54
 364 014f A4       		.byte	-92
 365 0150 CC       		.byte	-52
 366 0151 24       		.byte	36
 367 0152 CE       		.byte	-50
 368 0153 4C       		.byte	76
 369 0154 D0       		.byte	-48
 370 0155 C0       		.byte	-64
 371 0156 E2       		.byte	-30
 372 0157 A0       		.byte	-96
 373 0158 E6       		.byte	-26
 374 0159 70       		.byte	112
 375 015a 58       		.byte	88
 376 015b 20       		.byte	32
 377 015c 5A       		.byte	90
 378 015d 20       		.byte	32
 379 015e 85       		.byte	-123
 380 015f 08       		.byte	8
 381 0160 87       		.byte	-121
 382 0161 08       		.byte	8
 383 0162 8C       		.byte	-116
 384 0163 20       		.byte	32
 385 0164 96       		.byte	-106
 386 0165 20       		.byte	32
 387 0166 97       		.byte	-105
 388 0167 C0       		.byte	-64
 389 0168 99       		.byte	-103
 390 0169 08       		.byte	8
 391 016a 9B       		.byte	-101
 392 016b 08       		.byte	8
 393 016c 9C       		.byte	-100
 394 016d 08       		.byte	8
 395 016e A4       		.byte	-92
 396 016f 20       		.byte	32
 397 0170 A5       		.byte	-91
 398 0171 80       		.byte	-128
 399 0172 A8       		.byte	-88
ARM GAS  C:\Users\ADMH2\AppData\Local\Temp\ccdlzf7g.s 			page 8


 400 0173 0A       		.byte	10
 401 0174 AA       		.byte	-86
 402 0175 20       		.byte	32
 403 0176 AB       		.byte	-85
 404 0177 02       		.byte	2
 405 0178 B4       		.byte	-76
 406 0179 04       		.byte	4
 407 017a B6       		.byte	-74
 408 017b 04       		.byte	4
 409 017c E4       		.byte	-28
 410 017d 08       		.byte	8
 411 017e E6       		.byte	-26
 412 017f 04       		.byte	4
 413 0180 E8       		.byte	-24
 414 0181 44       		.byte	68
 415 0182 81       		.byte	-127
 416 0183 80       		.byte	-128
 417 0184 8B       		.byte	-117
 418 0185 40       		.byte	64
 419 0186 96       		.byte	-106
 420 0187 20       		.byte	32
 421 0188 97       		.byte	-105
 422 0189 C0       		.byte	-64
 423 018a A4       		.byte	-92
 424 018b 20       		.byte	32
 425 018c A5       		.byte	-91
 426 018d 80       		.byte	-128
 427 018e AC       		.byte	-84
 428 018f 08       		.byte	8
 429 0190 B0       		.byte	-80
 430 0191 20       		.byte	32
 431 0192 E2       		.byte	-30
 432 0193 08       		.byte	8
 433 0194 E4       		.byte	-28
 434 0195 01       		.byte	1
 435 0196 EE       		.byte	-18
 436 0197 08       		.byte	8
 437 0198 96       		.byte	-106
 438 0199 20       		.byte	32
 439 019a A4       		.byte	-92
 440 019b 20       		.byte	32
 441 019c B3       		.byte	-77
 442 019d 40       		.byte	64
 443 019e E8       		.byte	-24
 444 019f 28       		.byte	40
 445 01a0 EE       		.byte	-18
 446 01a1 01       		.byte	1
 447 01a2 92       		.byte	-110
 448 01a3 50       		.byte	80
 449 01a4 9D       		.byte	-99
 450 01a5 08       		.byte	8
 451 01a6 A4       		.byte	-92
 452 01a7 81       		.byte	-127
 453 01a8 A7       		.byte	-89
 454 01a9 10       		.byte	16
 455 01aa AA       		.byte	-86
 456 01ab 01       		.byte	1
ARM GAS  C:\Users\ADMH2\AppData\Local\Temp\ccdlzf7g.s 			page 9


 457 01ac AE       		.byte	-82
 458 01ad 08       		.byte	8
 459 01ae B2       		.byte	-78
 460 01af 08       		.byte	8
 461 01b0 B7       		.byte	-73
 462 01b1 20       		.byte	32
 463 01b2 E8       		.byte	-24
 464 01b3 20       		.byte	32
 465 01b4 02       		.byte	2
 466 01b5 01       		.byte	1
 467 01b6 07       		.byte	7
 468 01b7 01       		.byte	1
 469 01b8 09       		.byte	9
 470 01b9 01       		.byte	1
 471 01ba 13       		.byte	19
 472 01bb 02       		.byte	2
 473 01bc 1F       		.byte	31
 474 01bd 02       		.byte	2
 475 01be 33       		.byte	51
 476 01bf 02       		.byte	2
 477 01c0 36       		.byte	54
 478 01c1 01       		.byte	1
 479 01c2 37       		.byte	55
 480 01c3 01       		.byte	1
 481 01c4 3F       		.byte	63
 482 01c5 04       		.byte	4
 483 01c6 54       		.byte	84
 484 01c7 05       		.byte	5
 485 01c8 58       		.byte	88
 486 01c9 04       		.byte	4
 487 01ca 59       		.byte	89
 488 01cb 04       		.byte	4
 489 01cc 5B       		.byte	91
 490 01cd 04       		.byte	4
 491 01ce 5C       		.byte	92
 492 01cf 13       		.byte	19
 493 01d0 5D       		.byte	93
 494 01d1 10       		.byte	16
 495 01d2 5F       		.byte	95
 496 01d3 01       		.byte	1
 497 01d4 80       		.byte	-128
 498 01d5 10       		.byte	16
 499 01d6 82       		.byte	-126
 500 01d7 20       		.byte	32
 501 01d8 83       		.byte	-125
 502 01d9 02       		.byte	2
 503 01da 86       		.byte	-122
 504 01db 40       		.byte	64
 505 01dc 88       		.byte	-120
 506 01dd 04       		.byte	4
 507 01de 8A       		.byte	-118
 508 01df 0B       		.byte	11
 509 01e0 8C       		.byte	-116
 510 01e1 02       		.byte	2
 511 01e2 8E       		.byte	-114
 512 01e3 0D       		.byte	13
 513 01e4 96       		.byte	-106
ARM GAS  C:\Users\ADMH2\AppData\Local\Temp\ccdlzf7g.s 			page 10


 514 01e5 80       		.byte	-128
 515 01e6 97       		.byte	-105
 516 01e7 01       		.byte	1
 517 01e8 9C       		.byte	-100
 518 01e9 01       		.byte	1
 519 01ea 9E       		.byte	-98
 520 01eb 0E       		.byte	14
 521 01ec A3       		.byte	-93
 522 01ed 04       		.byte	4
 523 01ee A4       		.byte	-92
 524 01ef 08       		.byte	8
 525 01f0 A6       		.byte	-90
 526 01f1 07       		.byte	7
 527 01f2 A8       		.byte	-88
 528 01f3 20       		.byte	32
 529 01f4 AA       		.byte	-86
 530 01f5 10       		.byte	16
 531 01f6 B0       		.byte	-80
 532 01f7 0F       		.byte	15
 533 01f8 B2       		.byte	-78
 534 01f9 30       		.byte	48
 535 01fa B3       		.byte	-77
 536 01fb 02       		.byte	2
 537 01fc B4       		.byte	-76
 538 01fd 40       		.byte	64
 539 01fe B5       		.byte	-75
 540 01ff 01       		.byte	1
 541 0200 B6       		.byte	-74
 542 0201 80       		.byte	-128
 543 0202 B7       		.byte	-73
 544 0203 04       		.byte	4
 545 0204 BE       		.byte	-66
 546 0205 01       		.byte	1
 547 0206 D2       		.byte	-46
 548 0207 01       		.byte	1
 549 0208 D8       		.byte	-40
 550 0209 04       		.byte	4
 551 020a D9       		.byte	-39
 552 020b 04       		.byte	4
 553 020c DB       		.byte	-37
 554 020d 04       		.byte	4
 555 020e DC       		.byte	-36
 556 020f 33       		.byte	51
 557 0210 DD       		.byte	-35
 558 0211 20       		.byte	32
 559 0212 DF       		.byte	-33
 560 0213 01       		.byte	1
 561 0214 00       		.byte	0
 562 0215 02       		.byte	2
 563 0216 04       		.byte	4
 564 0217 01       		.byte	1
 565 0218 05       		.byte	5
 566 0219 18       		.byte	24
 567 021a 07       		.byte	7
 568 021b 02       		.byte	2
 569 021c 0D       		.byte	13
 570 021d 80       		.byte	-128
ARM GAS  C:\Users\ADMH2\AppData\Local\Temp\ccdlzf7g.s 			page 11


 571 021e 0F       		.byte	15
 572 021f 20       		.byte	32
 573 0220 17       		.byte	23
 574 0221 18       		.byte	24
 575 0222 18       		.byte	24
 576 0223 01       		.byte	1
 577 0224 1C       		.byte	28
 578 0225 20       		.byte	32
 579 0226 1D       		.byte	29
 580 0227 90       		.byte	-112
 581 0228 1E       		.byte	30
 582 0229 01       		.byte	1
 583 022a 1F       		.byte	31
 584 022b 01       		.byte	1
 585 022c 22       		.byte	34
 586 022d 44       		.byte	68
 587 022e 27       		.byte	39
 588 022f 1A       		.byte	26
 589 0230 2C       		.byte	44
 590 0231 80       		.byte	-128
 591 0232 32       		.byte	50
 592 0233 02       		.byte	2
 593 0234 33       		.byte	51
 594 0235 40       		.byte	64
 595 0236 36       		.byte	54
 596 0237 08       		.byte	8
 597 0238 38       		.byte	56
 598 0239 18       		.byte	24
 599 023a 3C       		.byte	60
 600 023b 01       		.byte	1
 601 023c 59       		.byte	89
 602 023d 01       		.byte	1
 603 023e 5A       		.byte	90
 604 023f 88       		.byte	-120
 605 0240 6A       		.byte	106
 606 0241 52       		.byte	82
 607 0242 6B       		.byte	107
 608 0243 20       		.byte	32
 609 0244 6D       		.byte	109
 610 0245 40       		.byte	64
 611 0246 6F       		.byte	111
 612 0247 02       		.byte	2
 613 0248 81       		.byte	-127
 614 0249 20       		.byte	32
 615 024a 84       		.byte	-124
 616 024b 10       		.byte	16
 617 024c 8A       		.byte	-118
 618 024d 01       		.byte	1
 619 024e 8B       		.byte	-117
 620 024f 02       		.byte	2
 621 0250 90       		.byte	-112
 622 0251 18       		.byte	24
 623 0252 95       		.byte	-107
 624 0253 40       		.byte	64
 625 0254 96       		.byte	-106
 626 0255 01       		.byte	1
 627 0256 97       		.byte	-105
ARM GAS  C:\Users\ADMH2\AppData\Local\Temp\ccdlzf7g.s 			page 12


 628 0257 02       		.byte	2
 629 0258 99       		.byte	-103
 630 0259 01       		.byte	1
 631 025a 9B       		.byte	-101
 632 025b 40       		.byte	64
 633 025c 9D       		.byte	-99
 634 025d 30       		.byte	48
 635 025e 9E       		.byte	-98
 636 025f 08       		.byte	8
 637 0260 9F       		.byte	-97
 638 0261 0A       		.byte	10
 639 0262 A2       		.byte	-94
 640 0263 03       		.byte	3
 641 0264 AF       		.byte	-81
 642 0265 04       		.byte	4
 643 0266 B2       		.byte	-78
 644 0267 08       		.byte	8
 645 0268 B3       		.byte	-77
 646 0269 01       		.byte	1
 647 026a C0       		.byte	-64
 648 026b F8       		.byte	-8
 649 026c C2       		.byte	-62
 650 026d A0       		.byte	-96
 651 026e C4       		.byte	-60
 652 026f 60       		.byte	96
 653 0270 CA       		.byte	-54
 654 0271 80       		.byte	-128
 655 0272 CC       		.byte	-52
 656 0273 49       		.byte	73
 657 0274 CE       		.byte	-50
 658 0275 86       		.byte	-122
 659 0276 D6       		.byte	-42
 660 0277 0B       		.byte	11
 661 0278 E6       		.byte	-26
 662 0279 80       		.byte	-128
 663 027a E8       		.byte	-24
 664 027b 80       		.byte	-128
 665 027c 00       		.byte	0
 666 027d 01       		.byte	1
 667 027e 02       		.byte	2
 668 027f 02       		.byte	2
 669 0280 03       		.byte	3
 670 0281 01       		.byte	1
 671 0282 04       		.byte	4
 672 0283 20       		.byte	32
 673 0284 08       		.byte	8
 674 0285 02       		.byte	2
 675 0286 0A       		.byte	10
 676 0287 01       		.byte	1
 677 0288 0C       		.byte	12
 678 0289 04       		.byte	4
 679 028a 0E       		.byte	14
 680 028b 08       		.byte	8
 681 028c 11       		.byte	17
 682 028d 04       		.byte	4
 683 028e 12       		.byte	18
 684 028f 20       		.byte	32
ARM GAS  C:\Users\ADMH2\AppData\Local\Temp\ccdlzf7g.s 			page 13


 685 0290 13       		.byte	19
 686 0291 02       		.byte	2
 687 0292 16       		.byte	22
 688 0293 10       		.byte	16
 689 0294 17       		.byte	23
 690 0295 06       		.byte	6
 691 0296 18       		.byte	24
 692 0297 08       		.byte	8
 693 0298 1A       		.byte	26
 694 0299 04       		.byte	4
 695 029a 1B       		.byte	27
 696 029b 06       		.byte	6
 697 029c 1E       		.byte	30
 698 029d 03       		.byte	3
 699 029e 21       		.byte	33
 700 029f 02       		.byte	2
 701 02a0 22       		.byte	34
 702 02a1 0C       		.byte	12
 703 02a2 23       		.byte	35
 704 02a3 04       		.byte	4
 705 02a4 26       		.byte	38
 706 02a5 0C       		.byte	12
 707 02a6 2A       		.byte	42
 708 02a7 03       		.byte	3
 709 02a8 2C       		.byte	44
 710 02a9 10       		.byte	16
 711 02aa 2E       		.byte	46
 712 02ab 20       		.byte	32
 713 02ac 30       		.byte	48
 714 02ad 0C       		.byte	12
 715 02ae 31       		.byte	49
 716 02af 01       		.byte	1
 717 02b0 32       		.byte	50
 718 02b1 30       		.byte	48
 719 02b2 33       		.byte	51
 720 02b3 06       		.byte	6
 721 02b4 34       		.byte	52
 722 02b5 03       		.byte	3
 723 02b6 3A       		.byte	58
 724 02b7 08       		.byte	8
 725 02b8 3E       		.byte	62
 726 02b9 51       		.byte	81
 727 02ba 3F       		.byte	63
 728 02bb 04       		.byte	4
 729 02bc 40       		.byte	64
 730 02bd 10       		.byte	16
 731 02be 41       		.byte	65
 732 02bf 05       		.byte	5
 733 02c0 49       		.byte	73
 734 02c1 FF       		.byte	-1
 735 02c2 4A       		.byte	74
 736 02c3 FF       		.byte	-1
 737 02c4 4B       		.byte	75
 738 02c5 FF       		.byte	-1
 739 02c6 4D       		.byte	77
 740 02c7 A0       		.byte	-96
 741 02c8 4F       		.byte	79
ARM GAS  C:\Users\ADMH2\AppData\Local\Temp\ccdlzf7g.s 			page 14


 742 02c9 04       		.byte	4
 743 02ca 50       		.byte	80
 744 02cb 18       		.byte	24
 745 02cc 52       		.byte	82
 746 02cd 80       		.byte	-128
 747 02ce 58       		.byte	88
 748 02cf 04       		.byte	4
 749 02d0 59       		.byte	89
 750 02d1 04       		.byte	4
 751 02d2 5A       		.byte	90
 752 02d3 04       		.byte	4
 753 02d4 5B       		.byte	91
 754 02d5 04       		.byte	4
 755 02d6 5C       		.byte	92
 756 02d7 12       		.byte	18
 757 02d8 5D       		.byte	93
 758 02d9 11       		.byte	17
 759 02da 5F       		.byte	95
 760 02db 01       		.byte	1
 761 02dc 60       		.byte	96
 762 02dd 40       		.byte	64
 763 02de 62       		.byte	98
 764 02df C0       		.byte	-64
 765 02e0 64       		.byte	100
 766 02e1 40       		.byte	64
 767 02e2 65       		.byte	101
 768 02e3 40       		.byte	64
 769 02e4 66       		.byte	102
 770 02e5 C0       		.byte	-64
 771 02e6 68       		.byte	104
 772 02e7 C0       		.byte	-64
 773 02e8 6A       		.byte	106
 774 02e9 C0       		.byte	-64
 775 02ea 6C       		.byte	108
 776 02eb C0       		.byte	-64
 777 02ec 6E       		.byte	110
 778 02ed C0       		.byte	-64
 779 02ee 87       		.byte	-121
 780 02ef 01       		.byte	1
 781 02f0 9F       		.byte	-97
 782 02f1 01       		.byte	1
 783 02f2 AA       		.byte	-86
 784 02f3 01       		.byte	1
 785 02f4 B2       		.byte	-78
 786 02f5 01       		.byte	1
 787 02f6 B3       		.byte	-77
 788 02f7 01       		.byte	1
 789 02f8 C0       		.byte	-64
 790 02f9 10       		.byte	16
 791 02fa C1       		.byte	-63
 792 02fb 05       		.byte	5
 793 02fc C5       		.byte	-59
 794 02fd D0       		.byte	-48
 795 02fe C7       		.byte	-57
 796 02ff 21       		.byte	33
 797 0300 C8       		.byte	-56
 798 0301 32       		.byte	50
ARM GAS  C:\Users\ADMH2\AppData\Local\Temp\ccdlzf7g.s 			page 15


 799 0302 C9       		.byte	-55
 800 0303 FF       		.byte	-1
 801 0304 CA       		.byte	-54
 802 0305 FF       		.byte	-1
 803 0306 CB       		.byte	-53
 804 0307 FF       		.byte	-1
 805 0308 CD       		.byte	-51
 806 0309 AF       		.byte	-81
 807 030a CE       		.byte	-50
 808 030b 0F       		.byte	15
 809 030c CF       		.byte	-49
 810 030d 04       		.byte	4
 811 030e D0       		.byte	-48
 812 030f 18       		.byte	24
 813 0310 D8       		.byte	-40
 814 0311 04       		.byte	4
 815 0312 D9       		.byte	-39
 816 0313 04       		.byte	4
 817 0314 DA       		.byte	-38
 818 0315 04       		.byte	4
 819 0316 DC       		.byte	-36
 820 0317 11       		.byte	17
 821 0318 DD       		.byte	-35
 822 0319 01       		.byte	1
 823 031a DF       		.byte	-33
 824 031b 01       		.byte	1
 825 031c E0       		.byte	-32
 826 031d 40       		.byte	64
 827 031e E2       		.byte	-30
 828 031f C0       		.byte	-64
 829 0320 E4       		.byte	-28
 830 0321 40       		.byte	64
 831 0322 E5       		.byte	-27
 832 0323 40       		.byte	64
 833 0324 E6       		.byte	-26
 834 0325 C0       		.byte	-64
 835 0326 E8       		.byte	-24
 836 0327 C0       		.byte	-64
 837 0328 EA       		.byte	-22
 838 0329 C0       		.byte	-64
 839 032a EC       		.byte	-20
 840 032b C0       		.byte	-64
 841 032c EE       		.byte	-18
 842 032d C0       		.byte	-64
 843 032e 05       		.byte	5
 844 032f 20       		.byte	32
 845 0330 06       		.byte	6
 846 0331 A2       		.byte	-94
 847 0332 0C       		.byte	12
 848 0333 10       		.byte	16
 849 0334 0E       		.byte	14
 850 0335 60       		.byte	96
 851 0336 0F       		.byte	15
 852 0337 02       		.byte	2
 853 0338 10       		.byte	16
 854 0339 08       		.byte	8
 855 033a 15       		.byte	21
ARM GAS  C:\Users\ADMH2\AppData\Local\Temp\ccdlzf7g.s 			page 16


 856 033b 40       		.byte	64
 857 033c 16       		.byte	22
 858 033d 08       		.byte	8
 859 033e 17       		.byte	23
 860 033f 0A       		.byte	10
 861 0340 18       		.byte	24
 862 0341 10       		.byte	16
 863 0342 1C       		.byte	28
 864 0343 40       		.byte	64
 865 0344 1E       		.byte	30
 866 0345 2A       		.byte	42
 867 0346 1F       		.byte	31
 868 0347 04       		.byte	4
 869 0348 22       		.byte	34
 870 0349 08       		.byte	8
 871 034a 27       		.byte	39
 872 034b 60       		.byte	96
 873 034c 2E       		.byte	46
 874 034d 03       		.byte	3
 875 034e 33       		.byte	51
 876 034f 40       		.byte	64
 877 0350 34       		.byte	52
 878 0351 10       		.byte	16
 879 0352 35       		.byte	53
 880 0353 10       		.byte	16
 881 0354 37       		.byte	55
 882 0355 0A       		.byte	10
 883 0356 38       		.byte	56
 884 0357 08       		.byte	8
 885 0358 3C       		.byte	60
 886 0359 02       		.byte	2
 887 035a 43       		.byte	67
 888 035b 40       		.byte	64
 889 035c 47       		.byte	71
 890 035d 40       		.byte	64
 891 035e 49       		.byte	73
 892 035f 01       		.byte	1
 893 0360 4A       		.byte	74
 894 0361 02       		.byte	2
 895 0362 4E       		.byte	78
 896 0363 02       		.byte	2
 897 0364 50       		.byte	80
 898 0365 0C       		.byte	12
 899 0366 52       		.byte	82
 900 0367 02       		.byte	2
 901 0368 5C       		.byte	92
 902 0369 40       		.byte	64
 903 036a 5D       		.byte	93
 904 036b 02       		.byte	2
 905 036c 5E       		.byte	94
 906 036d 08       		.byte	8
 907 036e 5F       		.byte	95
 908 036f 20       		.byte	32
 909 0370 67       		.byte	103
 910 0371 02       		.byte	2
 911 0372 74       		.byte	116
 912 0373 01       		.byte	1
ARM GAS  C:\Users\ADMH2\AppData\Local\Temp\ccdlzf7g.s 			page 17


 913 0374 83       		.byte	-125
 914 0375 01       		.byte	1
 915 0376 85       		.byte	-123
 916 0377 02       		.byte	2
 917 0378 8E       		.byte	-114
 918 0379 80       		.byte	-128
 919 037a 92       		.byte	-110
 920 037b 40       		.byte	64
 921 037c 9A       		.byte	-102
 922 037d 20       		.byte	32
 923 037e AA       		.byte	-86
 924 037f 40       		.byte	64
 925 0380 B6       		.byte	-74
 926 0381 20       		.byte	32
 927 0382 C0       		.byte	-64
 928 0383 F0       		.byte	-16
 929 0384 C2       		.byte	-62
 930 0385 F0       		.byte	-16
 931 0386 C4       		.byte	-60
 932 0387 F2       		.byte	-14
 933 0388 CA       		.byte	-54
 934 0389 80       		.byte	-128
 935 038a CC       		.byte	-52
 936 038b E8       		.byte	-24
 937 038c CE       		.byte	-50
 938 038d 82       		.byte	-126
 939 038e D0       		.byte	-48
 940 038f 18       		.byte	24
 941 0390 D2       		.byte	-46
 942 0391 18       		.byte	24
 943 0392 D6       		.byte	-42
 944 0393 F0       		.byte	-16
 945 0394 D8       		.byte	-40
 946 0395 10       		.byte	16
 947 0396 E4       		.byte	-28
 948 0397 10       		.byte	16
 949 0398 EC       		.byte	-20
 950 0399 40       		.byte	64
 951 039a E0       		.byte	-32
 952 039b 58       		.byte	88
 953 039c EA       		.byte	-22
 954 039d 01       		.byte	1
 955 039e EE       		.byte	-18
 956 039f 02       		.byte	2
 957 03a0 A8       		.byte	-88
 958 03a1 20       		.byte	32
 959 03a2 B6       		.byte	-74
 960 03a3 10       		.byte	16
 961 03a4 E6       		.byte	-26
 962 03a5 40       		.byte	64
 963 03a6 E8       		.byte	-24
 964 03a7 40       		.byte	64
 965 03a8 8E       		.byte	-114
 966 03a9 40       		.byte	64
 967 03aa 92       		.byte	-110
 968 03ab 50       		.byte	80
 969 03ac 9D       		.byte	-99
ARM GAS  C:\Users\ADMH2\AppData\Local\Temp\ccdlzf7g.s 			page 18


 970 03ad 08       		.byte	8
 971 03ae A4       		.byte	-92
 972 03af 81       		.byte	-127
 973 03b0 A7       		.byte	-89
 974 03b1 10       		.byte	16
 975 03b2 E6       		.byte	-26
 976 03b3 40       		.byte	64
 977 03b4 84       		.byte	-124
 978 03b5 80       		.byte	-128
 979 03b6 88       		.byte	-120
 980 03b7 01       		.byte	1
 981 03b8 8D       		.byte	-115
 982 03b9 08       		.byte	8
 983 03ba 8F       		.byte	-113
 984 03bb 10       		.byte	16
 985 03bc 9D       		.byte	-99
 986 03bd 08       		.byte	8
 987 03be A4       		.byte	-92
 988 03bf 81       		.byte	-127
 989 03c0 A7       		.byte	-89
 990 03c1 10       		.byte	16
 991 03c2 AA       		.byte	-86
 992 03c3 10       		.byte	16
 993 03c4 E0       		.byte	-32
 994 03c5 50       		.byte	80
 995 03c6 EE       		.byte	-18
 996 03c7 02       		.byte	2
 997 03c8 11       		.byte	17
 998 03c9 40       		.byte	64
 999 03ca 33       		.byte	51
 1000 03cb 28       		.byte	40
 1001 03cc 34       		.byte	52
 1002 03cd 04       		.byte	4
 1003 03ce 36       		.byte	54
 1004 03cf 80       		.byte	-128
 1005 03d0 39       		.byte	57
 1006 03d1 08       		.byte	8
 1007 03d2 3B       		.byte	59
 1008 03d3 80       		.byte	-128
 1009 03d4 3C       		.byte	60
 1010 03d5 11       		.byte	17
 1011 03d6 83       		.byte	-125
 1012 03d7 10       		.byte	16
 1013 03d8 85       		.byte	-123
 1014 03d9 04       		.byte	4
 1015 03da 89       		.byte	-119
 1016 03db 02       		.byte	2
 1017 03dc 8A       		.byte	-118
 1018 03dd 11       		.byte	17
 1019 03de 8C       		.byte	-116
 1020 03df 01       		.byte	1
 1021 03e0 8D       		.byte	-115
 1022 03e1 01       		.byte	1
 1023 03e2 C4       		.byte	-60
 1024 03e3 40       		.byte	64
 1025 03e4 CC       		.byte	-52
 1026 03e5 F0       		.byte	-16
ARM GAS  C:\Users\ADMH2\AppData\Local\Temp\ccdlzf7g.s 			page 19


 1027 03e6 CE       		.byte	-50
 1028 03e7 F0       		.byte	-16
 1029 03e8 E2       		.byte	-30
 1030 03e9 10       		.byte	16
 1031 03ea E6       		.byte	-26
 1032 03eb 80       		.byte	-128
 1033 03ec 51       		.byte	81
 1034 03ed 20       		.byte	32
 1035 03ee 52       		.byte	82
 1036 03ef 02       		.byte	2
 1037 03f0 56       		.byte	86
 1038 03f1 10       		.byte	16
 1039 03f2 5A       		.byte	90
 1040 03f3 02       		.byte	2
 1041 03f4 5D       		.byte	93
 1042 03f5 02       		.byte	2
 1043 03f6 63       		.byte	99
 1044 03f7 20       		.byte	32
 1045 03f8 65       		.byte	101
 1046 03f9 01       		.byte	1
 1047 03fa 83       		.byte	-125
 1048 03fb 20       		.byte	32
 1049 03fc 85       		.byte	-123
 1050 03fd 20       		.byte	32
 1051 03fe 92       		.byte	-110
 1052 03ff 02       		.byte	2
 1053 0400 97       		.byte	-105
 1054 0401 80       		.byte	-128
 1055 0402 99       		.byte	-103
 1056 0403 03       		.byte	3
 1057 0404 9A       		.byte	-102
 1058 0405 10       		.byte	16
 1059 0406 9C       		.byte	-100
 1060 0407 04       		.byte	4
 1061 0408 A2       		.byte	-94
 1062 0409 02       		.byte	2
 1063 040a A3       		.byte	-93
 1064 040b 10       		.byte	16
 1065 040c A6       		.byte	-90
 1066 040d 80       		.byte	-128
 1067 040e A7       		.byte	-89
 1068 040f 28       		.byte	40
 1069 0410 A8       		.byte	-88
 1070 0411 10       		.byte	16
 1071 0412 AA       		.byte	-86
 1072 0413 02       		.byte	2
 1073 0414 B5       		.byte	-75
 1074 0415 40       		.byte	64
 1075 0416 D4       		.byte	-44
 1076 0417 E0       		.byte	-32
 1077 0418 D6       		.byte	-42
 1078 0419 C0       		.byte	-64
 1079 041a D8       		.byte	-40
 1080 041b C0       		.byte	-64
 1081 041c E2       		.byte	-30
 1082 041d 10       		.byte	16
 1083 041e E6       		.byte	-26
ARM GAS  C:\Users\ADMH2\AppData\Local\Temp\ccdlzf7g.s 			page 20


 1084 041f 20       		.byte	32
 1085 0420 EA       		.byte	-22
 1086 0421 80       		.byte	-128
 1087 0422 EE       		.byte	-18
 1088 0423 80       		.byte	-128
 1089 0424 12       		.byte	18
 1090 0425 80       		.byte	-128
 1091 0426 59       		.byte	89
 1092 0427 04       		.byte	4
 1093 0428 83       		.byte	-125
 1094 0429 10       		.byte	16
 1095 042a 87       		.byte	-121
 1096 042b 40       		.byte	64
 1097 042c 97       		.byte	-105
 1098 042d 80       		.byte	-128
 1099 042e 9C       		.byte	-100
 1100 042f 04       		.byte	4
 1101 0430 A6       		.byte	-90
 1102 0431 80       		.byte	-128
 1103 0432 A7       		.byte	-89
 1104 0433 08       		.byte	8
 1105 0434 C4       		.byte	-60
 1106 0435 10       		.byte	16
 1107 0436 D6       		.byte	-42
 1108 0437 40       		.byte	64
 1109 0438 E2       		.byte	-30
 1110 0439 10       		.byte	16
 1111 043a E4       		.byte	-28
 1112 043b 80       		.byte	-128
 1113 043c 2C       		.byte	44
 1114 043d 04       		.byte	4
 1115 043e 95       		.byte	-107
 1116 043f 01       		.byte	1
 1117 0440 97       		.byte	-105
 1118 0441 20       		.byte	32
 1119 0442 9C       		.byte	-100
 1120 0443 04       		.byte	4
 1121 0444 A7       		.byte	-89
 1122 0445 18       		.byte	24
 1123 0446 A9       		.byte	-87
 1124 0447 04       		.byte	4
 1125 0448 AD       		.byte	-83
 1126 0449 01       		.byte	1
 1127 044a B3       		.byte	-77
 1128 044b 10       		.byte	16
 1129 044c CA       		.byte	-54
 1130 044d 20       		.byte	32
 1131 044e E8       		.byte	-24
 1132 044f 10       		.byte	16
 1133 0450 EE       		.byte	-18
 1134 0451 80       		.byte	-128
 1135 0452 50       		.byte	80
 1136 0453 20       		.byte	32
 1137 0454 56       		.byte	86
 1138 0455 08       		.byte	8
 1139 0456 8A       		.byte	-118
 1140 0457 08       		.byte	8
ARM GAS  C:\Users\ADMH2\AppData\Local\Temp\ccdlzf7g.s 			page 21


 1141 0458 92       		.byte	-110
 1142 0459 01       		.byte	1
 1143 045a B2       		.byte	-78
 1144 045b 01       		.byte	1
 1145 045c D4       		.byte	-44
 1146 045d 06       		.byte	6
 1147 045e E0       		.byte	-32
 1148 045f 04       		.byte	4
 1149 0460 EC       		.byte	-20
 1150 0461 01       		.byte	1
 1151 0462 92       		.byte	-110
 1152 0463 01       		.byte	1
 1153 0464 B4       		.byte	-76
 1154 0465 20       		.byte	32
 1155 0466 EC       		.byte	-20
 1156 0467 08       		.byte	8
 1157 0468 52       		.byte	82
 1158 0469 0A       		.byte	10
 1159 046a 8E       		.byte	-114
 1160 046b 08       		.byte	8
 1161 046c 95       		.byte	-107
 1162 046d 01       		.byte	1
 1163 046e 97       		.byte	-105
 1164 046f 23       		.byte	35
 1165 0470 A7       		.byte	-89
 1166 0471 18       		.byte	24
 1167 0472 AB       		.byte	-85
 1168 0473 01       		.byte	1
 1169 0474 B7       		.byte	-73
 1170 0475 01       		.byte	1
 1171 0476 D4       		.byte	-44
 1172 0477 A0       		.byte	-96
 1173 0478 E8       		.byte	-24
 1174 0479 80       		.byte	-128
 1175 047a 01       		.byte	1
 1176 047b 01       		.byte	1
 1177 047c 02       		.byte	2
 1178 047d 08       		.byte	8
 1179 047e 05       		.byte	5
 1180 047f 08       		.byte	8
 1181 0480 07       		.byte	7
 1182 0481 02       		.byte	2
 1183 0482 0B       		.byte	11
 1184 0483 22       		.byte	34
 1185 0484 0F       		.byte	15
 1186 0485 21       		.byte	33
 1187 0486 86       		.byte	-122
 1188 0487 08       		.byte	8
 1189 0488 8D       		.byte	-115
 1190 0489 08       		.byte	8
 1191 048a 8F       		.byte	-113
 1192 048b 02       		.byte	2
 1193 048c 95       		.byte	-107
 1194 048d 01       		.byte	1
 1195 048e 97       		.byte	-105
 1196 048f 23       		.byte	35
 1197 0490 A7       		.byte	-89
ARM GAS  C:\Users\ADMH2\AppData\Local\Temp\ccdlzf7g.s 			page 22


 1198 0491 10       		.byte	16
 1199 0492 AA       		.byte	-86
 1200 0493 02       		.byte	2
 1201 0494 AF       		.byte	-81
 1202 0495 08       		.byte	8
 1203 0496 C0       		.byte	-64
 1204 0497 F0       		.byte	-16
 1205 0498 C2       		.byte	-62
 1206 0499 F0       		.byte	-16
 1207 049a E0       		.byte	-32
 1208 049b 10       		.byte	16
 1209 049c EA       		.byte	-22
 1210 049d 80       		.byte	-128
 1211 049e EE       		.byte	-18
 1212 049f 40       		.byte	64
 1213 04a0 1F       		.byte	31
 1214 04a1 10       		.byte	16
 1215 04a2 5E       		.byte	94
 1216 04a3 01       		.byte	1
 1217 04a4 92       		.byte	-110
 1218 04a5 01       		.byte	1
 1219 04a6 C6       		.byte	-58
 1220 04a7 01       		.byte	1
 1221 04a8 D6       		.byte	-42
 1222 04a9 01       		.byte	1
 1223 04aa 14       		.byte	20
 1224 04ab 40       		.byte	64
 1225 04ac 88       		.byte	-120
 1226 04ad 40       		.byte	64
 1227 04ae AF       		.byte	-81
 1228 04af 10       		.byte	16
 1229 04b0 C4       		.byte	-60
 1230 04b1 04       		.byte	4
 1231 04b2 E2       		.byte	-30
 1232 04b3 01       		.byte	1
 1233 04b4 00       		.byte	0
 1234 04b5 0E       		.byte	14
 1235 04b6 08       		.byte	8
 1236 04b7 04       		.byte	4
 1237 04b8 0C       		.byte	12
 1238 04b9 0E       		.byte	14
 1239 04ba 0E       		.byte	14
 1240 04bb 06       		.byte	6
 1241 04bc 00       		.byte	0
 1242 04bd BF       		.byte	-65
 1243 04be 01       		.byte	1
 1244 04bf 03       		.byte	3
 1245 04c0 10       		.byte	16
 1246 04c1 2A       		.byte	42
 1247 04c2 00       		.byte	0
 1248 04c3 00       		.byte	0
 1249 04c4 00       		.byte	0
 1250 04c5 FE       		.byte	-2
 1251 04c6 FE       		.byte	-2
 1252 04c7 00       		.byte	0
 1253 04c8 FE       		.byte	-2
 1254 04c9 00       		.byte	0
ARM GAS  C:\Users\ADMH2\AppData\Local\Temp\ccdlzf7g.s 			page 23


 1255 04ca 00       		.byte	0
 1256 04cb 00       		.byte	0
 1257 04cc 80       		.byte	-128
 1258 04cd 02       		.byte	2
 1259 04ce 02       		.byte	2
 1260 04cf 00       		.byte	0
 1261 04d0 00       		.byte	0
 1262 04d1 00       		.byte	0
 1263 04d2 00       		.byte	0
 1264 04d3 00       		.byte	0
 1265 04d4 00       		.byte	0
 1266 04d5 33       		.byte	51
 1267 04d6 33       		.byte	51
 1268 04d7 00       		.byte	0
 1269 04d8 33       		.byte	51
 1270 04d9 00       		.byte	0
 1271 04da 00       		.byte	0
 1272 04db 00       		.byte	0
 1273 04dc 00       		.byte	0
 1274 04dd 8B       		.byte	-117
 1275 04de 8B       		.byte	-117
 1276 04df 00       		.byte	0
 1277 04e0 80       		.byte	-128
 1278 04e1 00       		.byte	0
 1279 04e2 60       		.byte	96
 1280 04e3 00       		.byte	0
 1281 04e4 00       		.byte	0
 1282 04e5 7F       		.byte	127
 1283 04e6 7F       		.byte	127
 1284 04e7 00       		.byte	0
 1285 04e8 00       		.byte	0
 1286 04e9 00       		.byte	0
 1287 04ea 00       		.byte	0
 1288 04eb 00       		.byte	0
 1289 04ec 0F       		.byte	15
 1290 04ed 00       		.byte	0
 1291 04ee 00       		.byte	0
 1292 04ef FF       		.byte	-1
 1293 04f0 00       		.byte	0
 1294 04f1 00       		.byte	0
 1295 04f2 00       		.byte	0
 1296 04f3 00       		.byte	0
 1297 04f4 00       		.byte	0
 1298 04f5 00       		.byte	0
 1299 04f6 00       		.byte	0
 1300 04f7 00       		.byte	0
 1301 04f8 0E       		.byte	14
 1302 04f9 00       		.byte	0
 1303 04fa 18       		.byte	24
 1304 04fb 01       		.byte	1
 1305 04fc 00       		.byte	0
 1306 04fd 02       		.byte	2
 1307 04fe 00       		.byte	0
 1308 04ff 00       		.byte	0
 1309              		.section	.cywolatch,"a",%progbits
 1310              		.align	2
 1311              		.type	cy_meta_wonvl, %object
ARM GAS  C:\Users\ADMH2\AppData\Local\Temp\ccdlzf7g.s 			page 24


 1312              		.size	cy_meta_wonvl, 4
 1313              	cy_meta_wonvl:
 1314 0000 BC       		.byte	-68
 1315 0001 90       		.byte	-112
 1316 0002 AC       		.byte	-84
 1317 0003 AF       		.byte	-81
 1318              		.section	.cycustnvl,"a",%progbits
 1319              		.align	2
 1320              		.type	cy_meta_custnvl, %object
 1321              		.size	cy_meta_custnvl, 4
 1322              	cy_meta_custnvl:
 1323 0000 00       		.byte	0
 1324 0001 00       		.byte	0
 1325 0002 40       		.byte	64
 1326 0003 05       		.byte	5
 1327              		.section	.cymeta,"a",%progbits
 1328              		.align	2
 1329              		.type	cy_metadata, %object
 1330              		.size	cy_metadata, 12
 1331              	cy_metadata:
 1332 0000 00       		.byte	0
 1333 0001 01       		.byte	1
 1334 0002 2E       		.byte	46
 1335 0003 16       		.byte	22
 1336 0004 10       		.byte	16
 1337 0005 69       		.byte	105
 1338 0006 00       		.byte	0
 1339 0007 01       		.byte	1
 1340 0008 00       		.byte	0
 1341 0009 00       		.byte	0
 1342 000a 00       		.byte	0
 1343 000b 00       		.byte	0
 1344              		.section	.cyflashprotect,"a",%progbits
 1345              		.align	2
 1346              		.type	cy_meta_flashprotect, %object
 1347              		.size	cy_meta_flashprotect, 256
 1348              	cy_meta_flashprotect:
 1349 0000 00000000 		.space	256
 1349      00000000 
 1349      00000000 
 1349      00000000 
 1349      00000000 
 1350              		.text
 1351              	.Letext0:
 1352              		.file 1 "c:\\program files (x86)\\cypress\\psoc creator\\4.4\\psoc creator\\import\\gnu\\arm\\5.4.
 1353              		.file 2 "c:\\program files (x86)\\cypress\\psoc creator\\4.4\\psoc creator\\import\\gnu\\arm\\5.4.
 1354              		.file 3 "Generated_Source\\PSoC5\\cymetadata.c"
 1355              		.section	.debug_info,"",%progbits
 1356              	.Ldebug_info0:
 1357 0000 32010000 		.4byte	0x132
 1358 0004 0400     		.2byte	0x4
 1359 0006 00000000 		.4byte	.Ldebug_abbrev0
 1360 000a 04       		.byte	0x4
 1361 000b 01       		.uleb128 0x1
 1362 000c 58000000 		.4byte	.LASF17
 1363 0010 0C       		.byte	0xc
 1364 0011 B2010000 		.4byte	.LASF18
ARM GAS  C:\Users\ADMH2\AppData\Local\Temp\ccdlzf7g.s 			page 25


 1365 0015 0A000000 		.4byte	.LASF19
 1366 0019 00000000 		.4byte	.Ldebug_line0
 1367 001d 02       		.uleb128 0x2
 1368 001e 01       		.byte	0x1
 1369 001f 06       		.byte	0x6
 1370 0020 A6010000 		.4byte	.LASF0
 1371 0024 03       		.uleb128 0x3
 1372 0025 00000000 		.4byte	.LASF9
 1373 0029 01       		.byte	0x1
 1374 002a 1D       		.byte	0x1d
 1375 002b 2F000000 		.4byte	0x2f
 1376 002f 02       		.uleb128 0x2
 1377 0030 01       		.byte	0x1
 1378 0031 08       		.byte	0x8
 1379 0032 4A000000 		.4byte	.LASF1
 1380 0036 02       		.uleb128 0x2
 1381 0037 02       		.byte	0x2
 1382 0038 05       		.byte	0x5
 1383 0039 93010000 		.4byte	.LASF2
 1384 003d 02       		.uleb128 0x2
 1385 003e 02       		.byte	0x2
 1386 003f 07       		.byte	0x7
 1387 0040 F8000000 		.4byte	.LASF3
 1388 0044 02       		.uleb128 0x2
 1389 0045 04       		.byte	0x4
 1390 0046 05       		.byte	0x5
 1391 0047 9D010000 		.4byte	.LASF4
 1392 004b 02       		.uleb128 0x2
 1393 004c 04       		.byte	0x4
 1394 004d 07       		.byte	0x7
 1395 004e E6000000 		.4byte	.LASF5
 1396 0052 02       		.uleb128 0x2
 1397 0053 08       		.byte	0x8
 1398 0054 05       		.byte	0x5
 1399 0055 85010000 		.4byte	.LASF6
 1400 0059 02       		.uleb128 0x2
 1401 005a 08       		.byte	0x8
 1402 005b 07       		.byte	0x7
 1403 005c 3A010000 		.4byte	.LASF7
 1404 0060 04       		.uleb128 0x4
 1405 0061 04       		.byte	0x4
 1406 0062 05       		.byte	0x5
 1407 0063 696E7400 		.ascii	"int\000"
 1408 0067 02       		.uleb128 0x2
 1409 0068 04       		.byte	0x4
 1410 0069 07       		.byte	0x7
 1411 006a 2D010000 		.4byte	.LASF8
 1412 006e 03       		.uleb128 0x3
 1413 006f 51010000 		.4byte	.LASF10
 1414 0073 02       		.byte	0x2
 1415 0074 18       		.byte	0x18
 1416 0075 24000000 		.4byte	0x24
 1417 0079 05       		.uleb128 0x5
 1418 007a 91000000 		.4byte	0x91
 1419 007e 8A000000 		.4byte	0x8a
 1420 0082 06       		.uleb128 0x6
 1421 0083 8A000000 		.4byte	0x8a
ARM GAS  C:\Users\ADMH2\AppData\Local\Temp\ccdlzf7g.s 			page 26


 1422 0087 FF04     		.2byte	0x4ff
 1423 0089 00       		.byte	0
 1424 008a 02       		.uleb128 0x2
 1425 008b 04       		.byte	0x4
 1426 008c 07       		.byte	0x7
 1427 008d 7C010000 		.4byte	.LASF11
 1428 0091 07       		.uleb128 0x7
 1429 0092 6E000000 		.4byte	0x6e
 1430 0096 08       		.uleb128 0x8
 1431 0097 1B010000 		.4byte	.LASF12
 1432 009b 03       		.byte	0x3
 1433 009c 1F       		.byte	0x1f
 1434 009d A7000000 		.4byte	0xa7
 1435 00a1 05       		.uleb128 0x5
 1436 00a2 03       		.byte	0x3
 1437 00a3 00000000 		.4byte	cy_meta_configecc
 1438 00a7 07       		.uleb128 0x7
 1439 00a8 79000000 		.4byte	0x79
 1440 00ac 05       		.uleb128 0x5
 1441 00ad 91000000 		.4byte	0x91
 1442 00b1 BC000000 		.4byte	0xbc
 1443 00b5 09       		.uleb128 0x9
 1444 00b6 8A000000 		.4byte	0x8a
 1445 00ba 03       		.byte	0x3
 1446 00bb 00       		.byte	0
 1447 00bc 08       		.uleb128 0x8
 1448 00bd 0B010000 		.4byte	.LASF13
 1449 00c1 03       		.byte	0x3
 1450 00c2 CC       		.byte	0xcc
 1451 00c3 CD000000 		.4byte	0xcd
 1452 00c7 05       		.uleb128 0x5
 1453 00c8 03       		.byte	0x3
 1454 00c9 00000000 		.4byte	cy_meta_custnvl
 1455 00cd 07       		.uleb128 0x7
 1456 00ce AC000000 		.4byte	0xac
 1457 00d2 08       		.uleb128 0x8
 1458 00d3 6E010000 		.4byte	.LASF14
 1459 00d7 03       		.byte	0x3
 1460 00d8 DA       		.byte	0xda
 1461 00d9 E3000000 		.4byte	0xe3
 1462 00dd 05       		.uleb128 0x5
 1463 00de 03       		.byte	0x3
 1464 00df 00000000 		.4byte	cy_meta_wonvl
 1465 00e3 07       		.uleb128 0x7
 1466 00e4 AC000000 		.4byte	0xac
 1467 00e8 05       		.uleb128 0x5
 1468 00e9 91000000 		.4byte	0x91
 1469 00ed F8000000 		.4byte	0xf8
 1470 00f1 09       		.uleb128 0x9
 1471 00f2 8A000000 		.4byte	0x8a
 1472 00f6 FF       		.byte	0xff
 1473 00f7 00       		.byte	0
 1474 00f8 08       		.uleb128 0x8
 1475 00f9 59010000 		.4byte	.LASF15
 1476 00fd 03       		.byte	0x3
 1477 00fe E8       		.byte	0xe8
 1478 00ff 09010000 		.4byte	0x109
ARM GAS  C:\Users\ADMH2\AppData\Local\Temp\ccdlzf7g.s 			page 27


 1479 0103 05       		.uleb128 0x5
 1480 0104 03       		.byte	0x3
 1481 0105 00000000 		.4byte	cy_meta_flashprotect
 1482 0109 07       		.uleb128 0x7
 1483 010a E8000000 		.4byte	0xe8
 1484 010e 05       		.uleb128 0x5
 1485 010f 91000000 		.4byte	0x91
 1486 0113 1E010000 		.4byte	0x11e
 1487 0117 09       		.uleb128 0x9
 1488 0118 8A000000 		.4byte	0x8a
 1489 011c 0B       		.byte	0xb
 1490 011d 00       		.byte	0
 1491 011e 0A       		.uleb128 0xa
 1492 011f 3E000000 		.4byte	.LASF16
 1493 0123 03       		.byte	0x3
 1494 0124 1501     		.2byte	0x115
 1495 0126 30010000 		.4byte	0x130
 1496 012a 05       		.uleb128 0x5
 1497 012b 03       		.byte	0x3
 1498 012c 00000000 		.4byte	cy_metadata
 1499 0130 07       		.uleb128 0x7
 1500 0131 0E010000 		.4byte	0x10e
 1501 0135 00       		.byte	0
 1502              		.section	.debug_abbrev,"",%progbits
 1503              	.Ldebug_abbrev0:
 1504 0000 01       		.uleb128 0x1
 1505 0001 11       		.uleb128 0x11
 1506 0002 01       		.byte	0x1
 1507 0003 25       		.uleb128 0x25
 1508 0004 0E       		.uleb128 0xe
 1509 0005 13       		.uleb128 0x13
 1510 0006 0B       		.uleb128 0xb
 1511 0007 03       		.uleb128 0x3
 1512 0008 0E       		.uleb128 0xe
 1513 0009 1B       		.uleb128 0x1b
 1514 000a 0E       		.uleb128 0xe
 1515 000b 10       		.uleb128 0x10
 1516 000c 17       		.uleb128 0x17
 1517 000d 00       		.byte	0
 1518 000e 00       		.byte	0
 1519 000f 02       		.uleb128 0x2
 1520 0010 24       		.uleb128 0x24
 1521 0011 00       		.byte	0
 1522 0012 0B       		.uleb128 0xb
 1523 0013 0B       		.uleb128 0xb
 1524 0014 3E       		.uleb128 0x3e
 1525 0015 0B       		.uleb128 0xb
 1526 0016 03       		.uleb128 0x3
 1527 0017 0E       		.uleb128 0xe
 1528 0018 00       		.byte	0
 1529 0019 00       		.byte	0
 1530 001a 03       		.uleb128 0x3
 1531 001b 16       		.uleb128 0x16
 1532 001c 00       		.byte	0
 1533 001d 03       		.uleb128 0x3
 1534 001e 0E       		.uleb128 0xe
 1535 001f 3A       		.uleb128 0x3a
ARM GAS  C:\Users\ADMH2\AppData\Local\Temp\ccdlzf7g.s 			page 28


 1536 0020 0B       		.uleb128 0xb
 1537 0021 3B       		.uleb128 0x3b
 1538 0022 0B       		.uleb128 0xb
 1539 0023 49       		.uleb128 0x49
 1540 0024 13       		.uleb128 0x13
 1541 0025 00       		.byte	0
 1542 0026 00       		.byte	0
 1543 0027 04       		.uleb128 0x4
 1544 0028 24       		.uleb128 0x24
 1545 0029 00       		.byte	0
 1546 002a 0B       		.uleb128 0xb
 1547 002b 0B       		.uleb128 0xb
 1548 002c 3E       		.uleb128 0x3e
 1549 002d 0B       		.uleb128 0xb
 1550 002e 03       		.uleb128 0x3
 1551 002f 08       		.uleb128 0x8
 1552 0030 00       		.byte	0
 1553 0031 00       		.byte	0
 1554 0032 05       		.uleb128 0x5
 1555 0033 01       		.uleb128 0x1
 1556 0034 01       		.byte	0x1
 1557 0035 49       		.uleb128 0x49
 1558 0036 13       		.uleb128 0x13
 1559 0037 01       		.uleb128 0x1
 1560 0038 13       		.uleb128 0x13
 1561 0039 00       		.byte	0
 1562 003a 00       		.byte	0
 1563 003b 06       		.uleb128 0x6
 1564 003c 21       		.uleb128 0x21
 1565 003d 00       		.byte	0
 1566 003e 49       		.uleb128 0x49
 1567 003f 13       		.uleb128 0x13
 1568 0040 2F       		.uleb128 0x2f
 1569 0041 05       		.uleb128 0x5
 1570 0042 00       		.byte	0
 1571 0043 00       		.byte	0
 1572 0044 07       		.uleb128 0x7
 1573 0045 26       		.uleb128 0x26
 1574 0046 00       		.byte	0
 1575 0047 49       		.uleb128 0x49
 1576 0048 13       		.uleb128 0x13
 1577 0049 00       		.byte	0
 1578 004a 00       		.byte	0
 1579 004b 08       		.uleb128 0x8
 1580 004c 34       		.uleb128 0x34
 1581 004d 00       		.byte	0
 1582 004e 03       		.uleb128 0x3
 1583 004f 0E       		.uleb128 0xe
 1584 0050 3A       		.uleb128 0x3a
 1585 0051 0B       		.uleb128 0xb
 1586 0052 3B       		.uleb128 0x3b
 1587 0053 0B       		.uleb128 0xb
 1588 0054 49       		.uleb128 0x49
 1589 0055 13       		.uleb128 0x13
 1590 0056 3F       		.uleb128 0x3f
 1591 0057 19       		.uleb128 0x19
 1592 0058 02       		.uleb128 0x2
ARM GAS  C:\Users\ADMH2\AppData\Local\Temp\ccdlzf7g.s 			page 29


 1593 0059 18       		.uleb128 0x18
 1594 005a 00       		.byte	0
 1595 005b 00       		.byte	0
 1596 005c 09       		.uleb128 0x9
 1597 005d 21       		.uleb128 0x21
 1598 005e 00       		.byte	0
 1599 005f 49       		.uleb128 0x49
 1600 0060 13       		.uleb128 0x13
 1601 0061 2F       		.uleb128 0x2f
 1602 0062 0B       		.uleb128 0xb
 1603 0063 00       		.byte	0
 1604 0064 00       		.byte	0
 1605 0065 0A       		.uleb128 0xa
 1606 0066 34       		.uleb128 0x34
 1607 0067 00       		.byte	0
 1608 0068 03       		.uleb128 0x3
 1609 0069 0E       		.uleb128 0xe
 1610 006a 3A       		.uleb128 0x3a
 1611 006b 0B       		.uleb128 0xb
 1612 006c 3B       		.uleb128 0x3b
 1613 006d 05       		.uleb128 0x5
 1614 006e 49       		.uleb128 0x49
 1615 006f 13       		.uleb128 0x13
 1616 0070 3F       		.uleb128 0x3f
 1617 0071 19       		.uleb128 0x19
 1618 0072 02       		.uleb128 0x2
 1619 0073 18       		.uleb128 0x18
 1620 0074 00       		.byte	0
 1621 0075 00       		.byte	0
 1622 0076 00       		.byte	0
 1623              		.section	.debug_aranges,"",%progbits
 1624 0000 14000000 		.4byte	0x14
 1625 0004 0200     		.2byte	0x2
 1626 0006 00000000 		.4byte	.Ldebug_info0
 1627 000a 04       		.byte	0x4
 1628 000b 00       		.byte	0
 1629 000c 0000     		.2byte	0
 1630 000e 0000     		.2byte	0
 1631 0010 00000000 		.4byte	0
 1632 0014 00000000 		.4byte	0
 1633              		.section	.debug_line,"",%progbits
 1634              	.Ldebug_line0:
 1635 0000 3D010000 		.section	.debug_str,"MS",%progbits,1
 1635      02003701 
 1635      00000201 
 1635      FB0E0D00 
 1635      01010101 
 1636              	.LASF9:
 1637 0000 5F5F7569 		.ascii	"__uint8_t\000"
 1637      6E74385F 
 1637      7400
 1638              	.LASF19:
 1639 000a 433A5C55 		.ascii	"C:\\Users\\ADMH2\\Documents\\PSoC Creator\\P6\\P6_1"
 1639      73657273 
 1639      5C41444D 
 1639      48325C44 
 1639      6F63756D 
ARM GAS  C:\Users\ADMH2\AppData\Local\Temp\ccdlzf7g.s 			page 30


 1640 0037 2E637964 		.ascii	".cydsn\000"
 1640      736E00
 1641              	.LASF16:
 1642 003e 63795F6D 		.ascii	"cy_metadata\000"
 1642      65746164 
 1642      61746100 
 1643              	.LASF1:
 1644 004a 756E7369 		.ascii	"unsigned char\000"
 1644      676E6564 
 1644      20636861 
 1644      7200
 1645              	.LASF17:
 1646 0058 474E5520 		.ascii	"GNU C11 5.4.1 20160609 (release) [ARM/embedded-5-br"
 1646      43313120 
 1646      352E342E 
 1646      31203230 
 1646      31363036 
 1647 008b 616E6368 		.ascii	"anch revision 237715] -mcpu=cortex-m3 -mthumb -g -O"
 1647      20726576 
 1647      6973696F 
 1647      6E203233 
 1647      37373135 
 1648 00be 67202D66 		.ascii	"g -ffunction-sections -ffat-lto-objects\000"
 1648      66756E63 
 1648      74696F6E 
 1648      2D736563 
 1648      74696F6E 
 1649              	.LASF5:
 1650 00e6 6C6F6E67 		.ascii	"long unsigned int\000"
 1650      20756E73 
 1650      69676E65 
 1650      6420696E 
 1650      7400
 1651              	.LASF3:
 1652 00f8 73686F72 		.ascii	"short unsigned int\000"
 1652      7420756E 
 1652      7369676E 
 1652      65642069 
 1652      6E7400
 1653              	.LASF13:
 1654 010b 63795F6D 		.ascii	"cy_meta_custnvl\000"
 1654      6574615F 
 1654      63757374 
 1654      6E766C00 
 1655              	.LASF12:
 1656 011b 63795F6D 		.ascii	"cy_meta_configecc\000"
 1656      6574615F 
 1656      636F6E66 
 1656      69676563 
 1656      6300
 1657              	.LASF8:
 1658 012d 756E7369 		.ascii	"unsigned int\000"
 1658      676E6564 
 1658      20696E74 
 1658      00
 1659              	.LASF7:
 1660 013a 6C6F6E67 		.ascii	"long long unsigned int\000"
ARM GAS  C:\Users\ADMH2\AppData\Local\Temp\ccdlzf7g.s 			page 31


 1660      206C6F6E 
 1660      6720756E 
 1660      7369676E 
 1660      65642069 
 1661              	.LASF10:
 1662 0151 75696E74 		.ascii	"uint8_t\000"
 1662      385F7400 
 1663              	.LASF15:
 1664 0159 63795F6D 		.ascii	"cy_meta_flashprotect\000"
 1664      6574615F 
 1664      666C6173 
 1664      6870726F 
 1664      74656374 
 1665              	.LASF14:
 1666 016e 63795F6D 		.ascii	"cy_meta_wonvl\000"
 1666      6574615F 
 1666      776F6E76 
 1666      6C00
 1667              	.LASF11:
 1668 017c 73697A65 		.ascii	"sizetype\000"
 1668      74797065 
 1668      00
 1669              	.LASF6:
 1670 0185 6C6F6E67 		.ascii	"long long int\000"
 1670      206C6F6E 
 1670      6720696E 
 1670      7400
 1671              	.LASF2:
 1672 0193 73686F72 		.ascii	"short int\000"
 1672      7420696E 
 1672      7400
 1673              	.LASF4:
 1674 019d 6C6F6E67 		.ascii	"long int\000"
 1674      20696E74 
 1674      00
 1675              	.LASF0:
 1676 01a6 7369676E 		.ascii	"signed char\000"
 1676      65642063 
 1676      68617200 
 1677              	.LASF18:
 1678 01b2 47656E65 		.ascii	"Generated_Source\\PSoC5\\cymetadata.c\000"
 1678      72617465 
 1678      645F536F 
 1678      75726365 
 1678      5C50536F 
 1679              		.ident	"GCC: (GNU Tools for ARM Embedded Processors) 5.4.1 20160609 (release) [ARM/embedded-5-bran
