ARM GAS  C:\Users\ADMH2\AppData\Local\Temp\ccwwRU7z.s 			page 1


   1              		.syntax unified
   2              		.cpu cortex-m3
   3              		.fpu softvfp
   4              		.eabi_attribute 20, 1
   5              		.eabi_attribute 21, 1
   6              		.eabi_attribute 23, 3
   7              		.eabi_attribute 24, 1
   8              		.eabi_attribute 25, 1
   9              		.eabi_attribute 26, 1
  10              		.eabi_attribute 30, 1
  11              		.eabi_attribute 34, 1
  12              		.eabi_attribute 18, 4
  13              		.thumb
  14              		.syntax unified
  15              		.file	"Teclado_MatrixKeyboard.c"
  16              		.text
  17              	.Ltext0:
  18              		.cfi_sections	.debug_frame
  19              		.section	.text.Teclado_Start,"ax",%progbits
  20              		.align	2
  21              		.global	Teclado_Start
  22              		.thumb
  23              		.thumb_func
  24              		.type	Teclado_Start, %function
  25              	Teclado_Start:
  26              	.LFB63:
  27              		.file 1 "Generated_Source\\PSoC5\\Teclado_MatrixKeyboard.c"
   1:Generated_Source\PSoC5/Teclado_MatrixKeyboard.c **** /* ========================================
   2:Generated_Source\PSoC5/Teclado_MatrixKeyboard.c ****  *
   3:Generated_Source\PSoC5/Teclado_MatrixKeyboard.c ****  * Copyright YOUR COMPANY, THE YEAR
   4:Generated_Source\PSoC5/Teclado_MatrixKeyboard.c ****  * All Rights Reserved
   5:Generated_Source\PSoC5/Teclado_MatrixKeyboard.c ****  * UNPUBLISHED, LICENSED SOFTWARE.
   6:Generated_Source\PSoC5/Teclado_MatrixKeyboard.c ****  *
   7:Generated_Source\PSoC5/Teclado_MatrixKeyboard.c ****  * CONFIDENTIAL AND PROPRIETARY INFORMATION
   8:Generated_Source\PSoC5/Teclado_MatrixKeyboard.c ****  * WHICH IS THE PROPERTY OF your company.
   9:Generated_Source\PSoC5/Teclado_MatrixKeyboard.c ****  *
  10:Generated_Source\PSoC5/Teclado_MatrixKeyboard.c ****  * ========================================
  11:Generated_Source\PSoC5/Teclado_MatrixKeyboard.c **** */
  12:Generated_Source\PSoC5/Teclado_MatrixKeyboard.c **** 
  13:Generated_Source\PSoC5/Teclado_MatrixKeyboard.c **** /* [] END OF FILE */
  14:Generated_Source\PSoC5/Teclado_MatrixKeyboard.c **** 
  15:Generated_Source\PSoC5/Teclado_MatrixKeyboard.c **** #include "project.h"
  16:Generated_Source\PSoC5/Teclado_MatrixKeyboard.c **** 
  17:Generated_Source\PSoC5/Teclado_MatrixKeyboard.c **** void Teclado_Start(void){
  28              		.loc 1 17 0
  29              		.cfi_startproc
  30              		@ args = 0, pretend = 0, frame = 0
  31              		@ frame_needed = 0, uses_anonymous_args = 0
  32 0000 08B5     		push	{r3, lr}
  33              		.cfi_def_cfa_offset 8
  34              		.cfi_offset 3, -8
  35              		.cfi_offset 14, -4
  18:Generated_Source\PSoC5/Teclado_MatrixKeyboard.c ****     Teclado_Row_Write(0b1111);
  36              		.loc 1 18 0
  37 0002 0F20     		movs	r0, #15
  38 0004 FFF7FEFF 		bl	Teclado_Row_Write
  39              	.LVL0:
ARM GAS  C:\Users\ADMH2\AppData\Local\Temp\ccwwRU7z.s 			page 2


  19:Generated_Source\PSoC5/Teclado_MatrixKeyboard.c ****     Teclado_Column_Write(0b0000);
  40              		.loc 1 19 0
  41 0008 0020     		movs	r0, #0
  42 000a FFF7FEFF 		bl	Teclado_Column_Write
  43              	.LVL1:
  44 000e 08BD     		pop	{r3, pc}
  45              		.cfi_endproc
  46              	.LFE63:
  47              		.size	Teclado_Start, .-Teclado_Start
  48              		.section	.text.Teclado_AsignarTecla,"ax",%progbits
  49              		.align	2
  50              		.global	Teclado_AsignarTecla
  51              		.thumb
  52              		.thumb_func
  53              		.type	Teclado_AsignarTecla, %function
  54              	Teclado_AsignarTecla:
  55              	.LFB64:
  20:Generated_Source\PSoC5/Teclado_MatrixKeyboard.c ****     }
  21:Generated_Source\PSoC5/Teclado_MatrixKeyboard.c **** 
  22:Generated_Source\PSoC5/Teclado_MatrixKeyboard.c **** uint8 Teclado_AsignarTecla(void)
  23:Generated_Source\PSoC5/Teclado_MatrixKeyboard.c **** {
  56              		.loc 1 23 0
  57              		.cfi_startproc
  58              		@ args = 0, pretend = 0, frame = 16
  59              		@ frame_needed = 0, uses_anonymous_args = 0
  60 0000 30B5     		push	{r4, r5, lr}
  61              		.cfi_def_cfa_offset 12
  62              		.cfi_offset 4, -12
  63              		.cfi_offset 5, -8
  64              		.cfi_offset 14, -4
  65 0002 85B0     		sub	sp, sp, #20
  66              		.cfi_def_cfa_offset 32
  24:Generated_Source\PSoC5/Teclado_MatrixKeyboard.c ****     uint8 Teclado_Key[4][4] = {
  67              		.loc 1 24 0
  68 0004 144B     		ldr	r3, .L5
  69 0006 6C46     		mov	r4, sp
  70 0008 1868     		ldr	r0, [r3]	@ unaligned
  71 000a 5968     		ldr	r1, [r3, #4]	@ unaligned
  72 000c 9A68     		ldr	r2, [r3, #8]	@ unaligned
  73 000e DB68     		ldr	r3, [r3, #12]	@ unaligned
  74 0010 0FC4     		stmia	r4!, {r0, r1, r2, r3}
  25:Generated_Source\PSoC5/Teclado_MatrixKeyboard.c **** 		{1,2,3,'A'},//Row 1
  26:Generated_Source\PSoC5/Teclado_MatrixKeyboard.c **** 		{4,5,6,'B'},//Row 2
  27:Generated_Source\PSoC5/Teclado_MatrixKeyboard.c **** 		{7,8,9,'C'},//Row 3
  28:Generated_Source\PSoC5/Teclado_MatrixKeyboard.c **** 		{'*',0,'#','D'}//Row 4
  29:Generated_Source\PSoC5/Teclado_MatrixKeyboard.c ****   	};
  30:Generated_Source\PSoC5/Teclado_MatrixKeyboard.c ****     
  31:Generated_Source\PSoC5/Teclado_MatrixKeyboard.c **** 	uint8 Button;
  32:Generated_Source\PSoC5/Teclado_MatrixKeyboard.c **** 	uint8 fila,columna;
  33:Generated_Source\PSoC5/Teclado_MatrixKeyboard.c ****     fila = (Teclado_Status_Reg_Read() & 0b11); //Row extract
  75              		.loc 1 33 0
  76 0012 FFF7FEFF 		bl	Teclado_Status_Reg_Read
  77              	.LVL2:
  78 0016 00F00304 		and	r4, r0, #3
  79              	.LVL3:
  34:Generated_Source\PSoC5/Teclado_MatrixKeyboard.c ****     //Search for row
  35:Generated_Source\PSoC5/Teclado_MatrixKeyboard.c ****     Teclado_Column_Write(0b1111);
ARM GAS  C:\Users\ADMH2\AppData\Local\Temp\ccwwRU7z.s 			page 3


  80              		.loc 1 35 0
  81 001a 0F20     		movs	r0, #15
  82 001c FFF7FEFF 		bl	Teclado_Column_Write
  83              	.LVL4:
  36:Generated_Source\PSoC5/Teclado_MatrixKeyboard.c ****     Teclado_Row_Write(0b0000);
  84              		.loc 1 36 0
  85 0020 0020     		movs	r0, #0
  86 0022 FFF7FEFF 		bl	Teclado_Row_Write
  87              	.LVL5:
  37:Generated_Source\PSoC5/Teclado_MatrixKeyboard.c ****      CyDelayUs(10);
  88              		.loc 1 37 0
  89 0026 0A20     		movs	r0, #10
  90 0028 FFF7FEFF 		bl	CyDelayUs
  91              	.LVL6:
  38:Generated_Source\PSoC5/Teclado_MatrixKeyboard.c ****     
  39:Generated_Source\PSoC5/Teclado_MatrixKeyboard.c ****     columna = ((Teclado_Status_Reg_Read() & 0b1100) >> 2);
  92              		.loc 1 39 0
  93 002c FFF7FEFF 		bl	Teclado_Status_Reg_Read
  94              	.LVL7:
  95 0030 C0F38105 		ubfx	r5, r0, #2, #2
  96              	.LVL8:
  40:Generated_Source\PSoC5/Teclado_MatrixKeyboard.c ****     //Back to normal
  41:Generated_Source\PSoC5/Teclado_MatrixKeyboard.c ****     Teclado_Row_Write(0b1111);
  97              		.loc 1 41 0
  98 0034 0F20     		movs	r0, #15
  99 0036 FFF7FEFF 		bl	Teclado_Row_Write
 100              	.LVL9:
  42:Generated_Source\PSoC5/Teclado_MatrixKeyboard.c ****     Teclado_Column_Write(0b0000);
 101              		.loc 1 42 0
 102 003a 0020     		movs	r0, #0
 103 003c FFF7FEFF 		bl	Teclado_Column_Write
 104              	.LVL10:
  43:Generated_Source\PSoC5/Teclado_MatrixKeyboard.c ****     CyDelayUs(10);
 105              		.loc 1 43 0
 106 0040 0A20     		movs	r0, #10
 107 0042 FFF7FEFF 		bl	CyDelayUs
 108              	.LVL11:
  44:Generated_Source\PSoC5/Teclado_MatrixKeyboard.c **** 	Button=Teclado_Key[fila][columna];//Assign Character
 109              		.loc 1 44 0
 110 0046 04AB     		add	r3, sp, #16
 111 0048 03EB8404 		add	r4, r3, r4, lsl #2
 112              	.LVL12:
 113 004c 2C44     		add	r4, r4, r5
 114              	.LVL13:
  45:Generated_Source\PSoC5/Teclado_MatrixKeyboard.c **** 	return Button;
  46:Generated_Source\PSoC5/Teclado_MatrixKeyboard.c **** }
 115              		.loc 1 46 0
 116 004e 14F8100C 		ldrb	r0, [r4, #-16]	@ zero_extendqisi2
 117 0052 05B0     		add	sp, sp, #20
 118              		.cfi_def_cfa_offset 12
 119              		@ sp needed
 120 0054 30BD     		pop	{r4, r5, pc}
 121              	.LVL14:
 122              	.L6:
 123 0056 00BF     		.align	2
 124              	.L5:
 125 0058 00000000 		.word	.LANCHOR0
ARM GAS  C:\Users\ADMH2\AppData\Local\Temp\ccwwRU7z.s 			page 4


 126              		.cfi_endproc
 127              	.LFE64:
 128              		.size	Teclado_AsignarTecla, .-Teclado_AsignarTecla
 129              		.section	.rodata
 130              		.align	2
 131              		.set	.LANCHOR0,. + 0
 132              	.LC0:
 133 0000 01       		.byte	1
 134 0001 02       		.byte	2
 135 0002 03       		.byte	3
 136 0003 41       		.byte	65
 137 0004 04       		.byte	4
 138 0005 05       		.byte	5
 139 0006 06       		.byte	6
 140 0007 42       		.byte	66
 141 0008 07       		.byte	7
 142 0009 08       		.byte	8
 143 000a 09       		.byte	9
 144 000b 43       		.byte	67
 145 000c 2A       		.byte	42
 146 000d 00       		.byte	0
 147 000e 23       		.byte	35
 148 000f 44       		.byte	68
 149              		.text
 150              	.Letext0:
 151              		.file 2 "c:\\program files (x86)\\cypress\\psoc creator\\4.4\\psoc creator\\import\\gnu\\arm\\5.4.
 152              		.file 3 "c:\\program files (x86)\\cypress\\psoc creator\\4.4\\psoc creator\\import\\gnu\\arm\\5.4.
 153              		.file 4 "Generated_Source\\PSoC5\\cytypes.h"
 154              		.file 5 "Generated_Source\\PSoC5\\Teclado_Row.h"
 155              		.file 6 "Generated_Source\\PSoC5\\Teclado_Column.h"
 156              		.file 7 "Generated_Source\\PSoC5\\Teclado_Status_Reg.h"
 157              		.file 8 "Generated_Source\\PSoC5\\CyLib.h"
 158              		.file 9 "Generated_Source\\PSoC5/core_cm3.h"
 159              		.section	.debug_info,"",%progbits
 160              	.Ldebug_info0:
 161 0000 0D020000 		.4byte	0x20d
 162 0004 0400     		.2byte	0x4
 163 0006 00000000 		.4byte	.Ldebug_abbrev0
 164 000a 04       		.byte	0x4
 165 000b 01       		.uleb128 0x1
 166 000c 6C000000 		.4byte	.LASF25
 167 0010 0C       		.byte	0xc
 168 0011 88010000 		.4byte	.LASF26
 169 0015 00000000 		.4byte	.LASF27
 170 0019 00000000 		.4byte	.Ldebug_ranges0+0
 171 001d 00000000 		.4byte	0
 172 0021 00000000 		.4byte	.Ldebug_line0
 173 0025 02       		.uleb128 0x2
 174 0026 01       		.byte	0x1
 175 0027 06       		.byte	0x6
 176 0028 36020000 		.4byte	.LASF0
 177 002c 02       		.uleb128 0x2
 178 002d 01       		.byte	0x1
 179 002e 08       		.byte	0x8
 180 002f 5E000000 		.4byte	.LASF1
 181 0033 02       		.uleb128 0x2
 182 0034 02       		.byte	0x2
ARM GAS  C:\Users\ADMH2\AppData\Local\Temp\ccwwRU7z.s 			page 5


 183 0035 05       		.byte	0x5
 184 0036 FC010000 		.4byte	.LASF2
 185 003a 02       		.uleb128 0x2
 186 003b 02       		.byte	0x2
 187 003c 07       		.byte	0x7
 188 003d 21010000 		.4byte	.LASF3
 189 0041 03       		.uleb128 0x3
 190 0042 49000000 		.4byte	.LASF9
 191 0046 02       		.byte	0x2
 192 0047 3F       		.byte	0x3f
 193 0048 4C000000 		.4byte	0x4c
 194 004c 02       		.uleb128 0x2
 195 004d 04       		.byte	0x4
 196 004e 05       		.byte	0x5
 197 004f 21020000 		.4byte	.LASF4
 198 0053 02       		.uleb128 0x2
 199 0054 04       		.byte	0x4
 200 0055 07       		.byte	0x7
 201 0056 0F010000 		.4byte	.LASF5
 202 005a 02       		.uleb128 0x2
 203 005b 08       		.byte	0x8
 204 005c 05       		.byte	0x5
 205 005d C9010000 		.4byte	.LASF6
 206 0061 02       		.uleb128 0x2
 207 0062 08       		.byte	0x8
 208 0063 07       		.byte	0x7
 209 0064 5F010000 		.4byte	.LASF7
 210 0068 04       		.uleb128 0x4
 211 0069 04       		.byte	0x4
 212 006a 05       		.byte	0x5
 213 006b 696E7400 		.ascii	"int\000"
 214 006f 02       		.uleb128 0x2
 215 0070 04       		.byte	0x4
 216 0071 07       		.byte	0x7
 217 0072 52010000 		.4byte	.LASF8
 218 0076 03       		.uleb128 0x3
 219 0077 B8010000 		.4byte	.LASF10
 220 007b 03       		.byte	0x3
 221 007c 2C       		.byte	0x2c
 222 007d 41000000 		.4byte	0x41
 223 0081 05       		.uleb128 0x5
 224 0082 0D020000 		.4byte	.LASF11
 225 0086 04       		.byte	0x4
 226 0087 E901     		.2byte	0x1e9
 227 0089 2C000000 		.4byte	0x2c
 228 008d 02       		.uleb128 0x2
 229 008e 04       		.byte	0x4
 230 008f 04       		.byte	0x4
 231 0090 58000000 		.4byte	.LASF12
 232 0094 02       		.uleb128 0x2
 233 0095 08       		.byte	0x8
 234 0096 04       		.byte	0x4
 235 0097 41010000 		.4byte	.LASF13
 236 009b 02       		.uleb128 0x2
 237 009c 01       		.byte	0x1
 238 009d 08       		.byte	0x8
 239 009e EF010000 		.4byte	.LASF14
ARM GAS  C:\Users\ADMH2\AppData\Local\Temp\ccwwRU7z.s 			page 6


 240 00a2 02       		.uleb128 0x2
 241 00a3 08       		.byte	0x8
 242 00a4 04       		.byte	0x4
 243 00a5 2A020000 		.4byte	.LASF15
 244 00a9 02       		.uleb128 0x2
 245 00aa 04       		.byte	0x4
 246 00ab 07       		.byte	0x7
 247 00ac C0010000 		.4byte	.LASF16
 248 00b0 06       		.uleb128 0x6
 249 00b1 13020000 		.4byte	.LASF28
 250 00b5 01       		.byte	0x1
 251 00b6 11       		.byte	0x11
 252 00b7 00000000 		.4byte	.LFB63
 253 00bb 10000000 		.4byte	.LFE63-.LFB63
 254 00bf 01       		.uleb128 0x1
 255 00c0 9C       		.byte	0x9c
 256 00c1 E8000000 		.4byte	0xe8
 257 00c5 07       		.uleb128 0x7
 258 00c6 08000000 		.4byte	.LVL0
 259 00ca E4010000 		.4byte	0x1e4
 260 00ce D8000000 		.4byte	0xd8
 261 00d2 08       		.uleb128 0x8
 262 00d3 01       		.uleb128 0x1
 263 00d4 50       		.byte	0x50
 264 00d5 01       		.uleb128 0x1
 265 00d6 3F       		.byte	0x3f
 266 00d7 00       		.byte	0
 267 00d8 09       		.uleb128 0x9
 268 00d9 0E000000 		.4byte	.LVL1
 269 00dd EF010000 		.4byte	0x1ef
 270 00e1 08       		.uleb128 0x8
 271 00e2 01       		.uleb128 0x1
 272 00e3 50       		.byte	0x50
 273 00e4 01       		.uleb128 0x1
 274 00e5 30       		.byte	0x30
 275 00e6 00       		.byte	0
 276 00e7 00       		.byte	0
 277 00e8 0A       		.uleb128 0xa
 278 00e9 34000000 		.4byte	.LASF29
 279 00ed 01       		.byte	0x1
 280 00ee 16       		.byte	0x16
 281 00ef 81000000 		.4byte	0x81
 282 00f3 00000000 		.4byte	.LFB64
 283 00f7 5C000000 		.4byte	.LFE64-.LFB64
 284 00fb 01       		.uleb128 0x1
 285 00fc 9C       		.byte	0x9c
 286 00fd BD010000 		.4byte	0x1bd
 287 0101 0B       		.uleb128 0xb
 288 0102 42020000 		.4byte	.LASF17
 289 0106 01       		.byte	0x1
 290 0107 18       		.byte	0x18
 291 0108 BD010000 		.4byte	0x1bd
 292 010c 02       		.uleb128 0x2
 293 010d 91       		.byte	0x91
 294 010e 60       		.sleb128 -32
 295 010f 0C       		.uleb128 0xc
 296 0110 06020000 		.4byte	.LASF18
ARM GAS  C:\Users\ADMH2\AppData\Local\Temp\ccwwRU7z.s 			page 7


 297 0114 01       		.byte	0x1
 298 0115 1F       		.byte	0x1f
 299 0116 81000000 		.4byte	0x81
 300 011a 00000000 		.4byte	.LLST0
 301 011e 0C       		.uleb128 0xc
 302 011f 53000000 		.4byte	.LASF19
 303 0123 01       		.byte	0x1
 304 0124 20       		.byte	0x20
 305 0125 81000000 		.4byte	0x81
 306 0129 1F000000 		.4byte	.LLST1
 307 012d 0C       		.uleb128 0xc
 308 012e F4010000 		.4byte	.LASF20
 309 0132 01       		.byte	0x1
 310 0133 20       		.byte	0x20
 311 0134 81000000 		.4byte	0x81
 312 0138 32000000 		.4byte	.LLST2
 313 013c 0D       		.uleb128 0xd
 314 013d 16000000 		.4byte	.LVL2
 315 0141 FA010000 		.4byte	0x1fa
 316 0145 07       		.uleb128 0x7
 317 0146 20000000 		.4byte	.LVL4
 318 014a EF010000 		.4byte	0x1ef
 319 014e 58010000 		.4byte	0x158
 320 0152 08       		.uleb128 0x8
 321 0153 01       		.uleb128 0x1
 322 0154 50       		.byte	0x50
 323 0155 01       		.uleb128 0x1
 324 0156 3F       		.byte	0x3f
 325 0157 00       		.byte	0
 326 0158 07       		.uleb128 0x7
 327 0159 26000000 		.4byte	.LVL5
 328 015d E4010000 		.4byte	0x1e4
 329 0161 6B010000 		.4byte	0x16b
 330 0165 08       		.uleb128 0x8
 331 0166 01       		.uleb128 0x1
 332 0167 50       		.byte	0x50
 333 0168 01       		.uleb128 0x1
 334 0169 30       		.byte	0x30
 335 016a 00       		.byte	0
 336 016b 07       		.uleb128 0x7
 337 016c 2C000000 		.4byte	.LVL6
 338 0170 05020000 		.4byte	0x205
 339 0174 7E010000 		.4byte	0x17e
 340 0178 08       		.uleb128 0x8
 341 0179 01       		.uleb128 0x1
 342 017a 50       		.byte	0x50
 343 017b 01       		.uleb128 0x1
 344 017c 3A       		.byte	0x3a
 345 017d 00       		.byte	0
 346 017e 0D       		.uleb128 0xd
 347 017f 30000000 		.4byte	.LVL7
 348 0183 FA010000 		.4byte	0x1fa
 349 0187 07       		.uleb128 0x7
 350 0188 3A000000 		.4byte	.LVL9
 351 018c E4010000 		.4byte	0x1e4
 352 0190 9A010000 		.4byte	0x19a
 353 0194 08       		.uleb128 0x8
ARM GAS  C:\Users\ADMH2\AppData\Local\Temp\ccwwRU7z.s 			page 8


 354 0195 01       		.uleb128 0x1
 355 0196 50       		.byte	0x50
 356 0197 01       		.uleb128 0x1
 357 0198 3F       		.byte	0x3f
 358 0199 00       		.byte	0
 359 019a 07       		.uleb128 0x7
 360 019b 40000000 		.4byte	.LVL10
 361 019f EF010000 		.4byte	0x1ef
 362 01a3 AD010000 		.4byte	0x1ad
 363 01a7 08       		.uleb128 0x8
 364 01a8 01       		.uleb128 0x1
 365 01a9 50       		.byte	0x50
 366 01aa 01       		.uleb128 0x1
 367 01ab 30       		.byte	0x30
 368 01ac 00       		.byte	0
 369 01ad 09       		.uleb128 0x9
 370 01ae 46000000 		.4byte	.LVL11
 371 01b2 05020000 		.4byte	0x205
 372 01b6 08       		.uleb128 0x8
 373 01b7 01       		.uleb128 0x1
 374 01b8 50       		.byte	0x50
 375 01b9 01       		.uleb128 0x1
 376 01ba 3A       		.byte	0x3a
 377 01bb 00       		.byte	0
 378 01bc 00       		.byte	0
 379 01bd 0E       		.uleb128 0xe
 380 01be 81000000 		.4byte	0x81
 381 01c2 D3010000 		.4byte	0x1d3
 382 01c6 0F       		.uleb128 0xf
 383 01c7 A9000000 		.4byte	0xa9
 384 01cb 03       		.byte	0x3
 385 01cc 0F       		.uleb128 0xf
 386 01cd A9000000 		.4byte	0xa9
 387 01d1 03       		.byte	0x3
 388 01d2 00       		.byte	0
 389 01d3 10       		.uleb128 0x10
 390 01d4 34010000 		.4byte	.LASF30
 391 01d8 09       		.byte	0x9
 392 01d9 1207     		.2byte	0x712
 393 01db DF010000 		.4byte	0x1df
 394 01df 11       		.uleb128 0x11
 395 01e0 76000000 		.4byte	0x76
 396 01e4 12       		.uleb128 0x12
 397 01e5 76010000 		.4byte	.LASF21
 398 01e9 76010000 		.4byte	.LASF21
 399 01ed 05       		.byte	0x5
 400 01ee 26       		.byte	0x26
 401 01ef 12       		.uleb128 0x12
 402 01f0 FA000000 		.4byte	.LASF22
 403 01f4 FA000000 		.4byte	.LASF22
 404 01f8 06       		.byte	0x6
 405 01f9 26       		.byte	0x26
 406 01fa 12       		.uleb128 0x12
 407 01fb D7010000 		.4byte	.LASF23
 408 01ff D7010000 		.4byte	.LASF23
 409 0203 07       		.byte	0x7
 410 0204 30       		.byte	0x30
ARM GAS  C:\Users\ADMH2\AppData\Local\Temp\ccwwRU7z.s 			page 9


 411 0205 12       		.uleb128 0x12
 412 0206 48010000 		.4byte	.LASF24
 413 020a 48010000 		.4byte	.LASF24
 414 020e 08       		.byte	0x8
 415 020f 77       		.byte	0x77
 416 0210 00       		.byte	0
 417              		.section	.debug_abbrev,"",%progbits
 418              	.Ldebug_abbrev0:
 419 0000 01       		.uleb128 0x1
 420 0001 11       		.uleb128 0x11
 421 0002 01       		.byte	0x1
 422 0003 25       		.uleb128 0x25
 423 0004 0E       		.uleb128 0xe
 424 0005 13       		.uleb128 0x13
 425 0006 0B       		.uleb128 0xb
 426 0007 03       		.uleb128 0x3
 427 0008 0E       		.uleb128 0xe
 428 0009 1B       		.uleb128 0x1b
 429 000a 0E       		.uleb128 0xe
 430 000b 55       		.uleb128 0x55
 431 000c 17       		.uleb128 0x17
 432 000d 11       		.uleb128 0x11
 433 000e 01       		.uleb128 0x1
 434 000f 10       		.uleb128 0x10
 435 0010 17       		.uleb128 0x17
 436 0011 00       		.byte	0
 437 0012 00       		.byte	0
 438 0013 02       		.uleb128 0x2
 439 0014 24       		.uleb128 0x24
 440 0015 00       		.byte	0
 441 0016 0B       		.uleb128 0xb
 442 0017 0B       		.uleb128 0xb
 443 0018 3E       		.uleb128 0x3e
 444 0019 0B       		.uleb128 0xb
 445 001a 03       		.uleb128 0x3
 446 001b 0E       		.uleb128 0xe
 447 001c 00       		.byte	0
 448 001d 00       		.byte	0
 449 001e 03       		.uleb128 0x3
 450 001f 16       		.uleb128 0x16
 451 0020 00       		.byte	0
 452 0021 03       		.uleb128 0x3
 453 0022 0E       		.uleb128 0xe
 454 0023 3A       		.uleb128 0x3a
 455 0024 0B       		.uleb128 0xb
 456 0025 3B       		.uleb128 0x3b
 457 0026 0B       		.uleb128 0xb
 458 0027 49       		.uleb128 0x49
 459 0028 13       		.uleb128 0x13
 460 0029 00       		.byte	0
 461 002a 00       		.byte	0
 462 002b 04       		.uleb128 0x4
 463 002c 24       		.uleb128 0x24
 464 002d 00       		.byte	0
 465 002e 0B       		.uleb128 0xb
 466 002f 0B       		.uleb128 0xb
 467 0030 3E       		.uleb128 0x3e
ARM GAS  C:\Users\ADMH2\AppData\Local\Temp\ccwwRU7z.s 			page 10


 468 0031 0B       		.uleb128 0xb
 469 0032 03       		.uleb128 0x3
 470 0033 08       		.uleb128 0x8
 471 0034 00       		.byte	0
 472 0035 00       		.byte	0
 473 0036 05       		.uleb128 0x5
 474 0037 16       		.uleb128 0x16
 475 0038 00       		.byte	0
 476 0039 03       		.uleb128 0x3
 477 003a 0E       		.uleb128 0xe
 478 003b 3A       		.uleb128 0x3a
 479 003c 0B       		.uleb128 0xb
 480 003d 3B       		.uleb128 0x3b
 481 003e 05       		.uleb128 0x5
 482 003f 49       		.uleb128 0x49
 483 0040 13       		.uleb128 0x13
 484 0041 00       		.byte	0
 485 0042 00       		.byte	0
 486 0043 06       		.uleb128 0x6
 487 0044 2E       		.uleb128 0x2e
 488 0045 01       		.byte	0x1
 489 0046 3F       		.uleb128 0x3f
 490 0047 19       		.uleb128 0x19
 491 0048 03       		.uleb128 0x3
 492 0049 0E       		.uleb128 0xe
 493 004a 3A       		.uleb128 0x3a
 494 004b 0B       		.uleb128 0xb
 495 004c 3B       		.uleb128 0x3b
 496 004d 0B       		.uleb128 0xb
 497 004e 27       		.uleb128 0x27
 498 004f 19       		.uleb128 0x19
 499 0050 11       		.uleb128 0x11
 500 0051 01       		.uleb128 0x1
 501 0052 12       		.uleb128 0x12
 502 0053 06       		.uleb128 0x6
 503 0054 40       		.uleb128 0x40
 504 0055 18       		.uleb128 0x18
 505 0056 9742     		.uleb128 0x2117
 506 0058 19       		.uleb128 0x19
 507 0059 01       		.uleb128 0x1
 508 005a 13       		.uleb128 0x13
 509 005b 00       		.byte	0
 510 005c 00       		.byte	0
 511 005d 07       		.uleb128 0x7
 512 005e 898201   		.uleb128 0x4109
 513 0061 01       		.byte	0x1
 514 0062 11       		.uleb128 0x11
 515 0063 01       		.uleb128 0x1
 516 0064 31       		.uleb128 0x31
 517 0065 13       		.uleb128 0x13
 518 0066 01       		.uleb128 0x1
 519 0067 13       		.uleb128 0x13
 520 0068 00       		.byte	0
 521 0069 00       		.byte	0
 522 006a 08       		.uleb128 0x8
 523 006b 8A8201   		.uleb128 0x410a
 524 006e 00       		.byte	0
ARM GAS  C:\Users\ADMH2\AppData\Local\Temp\ccwwRU7z.s 			page 11


 525 006f 02       		.uleb128 0x2
 526 0070 18       		.uleb128 0x18
 527 0071 9142     		.uleb128 0x2111
 528 0073 18       		.uleb128 0x18
 529 0074 00       		.byte	0
 530 0075 00       		.byte	0
 531 0076 09       		.uleb128 0x9
 532 0077 898201   		.uleb128 0x4109
 533 007a 01       		.byte	0x1
 534 007b 11       		.uleb128 0x11
 535 007c 01       		.uleb128 0x1
 536 007d 31       		.uleb128 0x31
 537 007e 13       		.uleb128 0x13
 538 007f 00       		.byte	0
 539 0080 00       		.byte	0
 540 0081 0A       		.uleb128 0xa
 541 0082 2E       		.uleb128 0x2e
 542 0083 01       		.byte	0x1
 543 0084 3F       		.uleb128 0x3f
 544 0085 19       		.uleb128 0x19
 545 0086 03       		.uleb128 0x3
 546 0087 0E       		.uleb128 0xe
 547 0088 3A       		.uleb128 0x3a
 548 0089 0B       		.uleb128 0xb
 549 008a 3B       		.uleb128 0x3b
 550 008b 0B       		.uleb128 0xb
 551 008c 27       		.uleb128 0x27
 552 008d 19       		.uleb128 0x19
 553 008e 49       		.uleb128 0x49
 554 008f 13       		.uleb128 0x13
 555 0090 11       		.uleb128 0x11
 556 0091 01       		.uleb128 0x1
 557 0092 12       		.uleb128 0x12
 558 0093 06       		.uleb128 0x6
 559 0094 40       		.uleb128 0x40
 560 0095 18       		.uleb128 0x18
 561 0096 9742     		.uleb128 0x2117
 562 0098 19       		.uleb128 0x19
 563 0099 01       		.uleb128 0x1
 564 009a 13       		.uleb128 0x13
 565 009b 00       		.byte	0
 566 009c 00       		.byte	0
 567 009d 0B       		.uleb128 0xb
 568 009e 34       		.uleb128 0x34
 569 009f 00       		.byte	0
 570 00a0 03       		.uleb128 0x3
 571 00a1 0E       		.uleb128 0xe
 572 00a2 3A       		.uleb128 0x3a
 573 00a3 0B       		.uleb128 0xb
 574 00a4 3B       		.uleb128 0x3b
 575 00a5 0B       		.uleb128 0xb
 576 00a6 49       		.uleb128 0x49
 577 00a7 13       		.uleb128 0x13
 578 00a8 02       		.uleb128 0x2
 579 00a9 18       		.uleb128 0x18
 580 00aa 00       		.byte	0
 581 00ab 00       		.byte	0
ARM GAS  C:\Users\ADMH2\AppData\Local\Temp\ccwwRU7z.s 			page 12


 582 00ac 0C       		.uleb128 0xc
 583 00ad 34       		.uleb128 0x34
 584 00ae 00       		.byte	0
 585 00af 03       		.uleb128 0x3
 586 00b0 0E       		.uleb128 0xe
 587 00b1 3A       		.uleb128 0x3a
 588 00b2 0B       		.uleb128 0xb
 589 00b3 3B       		.uleb128 0x3b
 590 00b4 0B       		.uleb128 0xb
 591 00b5 49       		.uleb128 0x49
 592 00b6 13       		.uleb128 0x13
 593 00b7 02       		.uleb128 0x2
 594 00b8 17       		.uleb128 0x17
 595 00b9 00       		.byte	0
 596 00ba 00       		.byte	0
 597 00bb 0D       		.uleb128 0xd
 598 00bc 898201   		.uleb128 0x4109
 599 00bf 00       		.byte	0
 600 00c0 11       		.uleb128 0x11
 601 00c1 01       		.uleb128 0x1
 602 00c2 31       		.uleb128 0x31
 603 00c3 13       		.uleb128 0x13
 604 00c4 00       		.byte	0
 605 00c5 00       		.byte	0
 606 00c6 0E       		.uleb128 0xe
 607 00c7 01       		.uleb128 0x1
 608 00c8 01       		.byte	0x1
 609 00c9 49       		.uleb128 0x49
 610 00ca 13       		.uleb128 0x13
 611 00cb 01       		.uleb128 0x1
 612 00cc 13       		.uleb128 0x13
 613 00cd 00       		.byte	0
 614 00ce 00       		.byte	0
 615 00cf 0F       		.uleb128 0xf
 616 00d0 21       		.uleb128 0x21
 617 00d1 00       		.byte	0
 618 00d2 49       		.uleb128 0x49
 619 00d3 13       		.uleb128 0x13
 620 00d4 2F       		.uleb128 0x2f
 621 00d5 0B       		.uleb128 0xb
 622 00d6 00       		.byte	0
 623 00d7 00       		.byte	0
 624 00d8 10       		.uleb128 0x10
 625 00d9 34       		.uleb128 0x34
 626 00da 00       		.byte	0
 627 00db 03       		.uleb128 0x3
 628 00dc 0E       		.uleb128 0xe
 629 00dd 3A       		.uleb128 0x3a
 630 00de 0B       		.uleb128 0xb
 631 00df 3B       		.uleb128 0x3b
 632 00e0 05       		.uleb128 0x5
 633 00e1 49       		.uleb128 0x49
 634 00e2 13       		.uleb128 0x13
 635 00e3 3F       		.uleb128 0x3f
 636 00e4 19       		.uleb128 0x19
 637 00e5 3C       		.uleb128 0x3c
 638 00e6 19       		.uleb128 0x19
ARM GAS  C:\Users\ADMH2\AppData\Local\Temp\ccwwRU7z.s 			page 13


 639 00e7 00       		.byte	0
 640 00e8 00       		.byte	0
 641 00e9 11       		.uleb128 0x11
 642 00ea 35       		.uleb128 0x35
 643 00eb 00       		.byte	0
 644 00ec 49       		.uleb128 0x49
 645 00ed 13       		.uleb128 0x13
 646 00ee 00       		.byte	0
 647 00ef 00       		.byte	0
 648 00f0 12       		.uleb128 0x12
 649 00f1 2E       		.uleb128 0x2e
 650 00f2 00       		.byte	0
 651 00f3 3F       		.uleb128 0x3f
 652 00f4 19       		.uleb128 0x19
 653 00f5 3C       		.uleb128 0x3c
 654 00f6 19       		.uleb128 0x19
 655 00f7 6E       		.uleb128 0x6e
 656 00f8 0E       		.uleb128 0xe
 657 00f9 03       		.uleb128 0x3
 658 00fa 0E       		.uleb128 0xe
 659 00fb 3A       		.uleb128 0x3a
 660 00fc 0B       		.uleb128 0xb
 661 00fd 3B       		.uleb128 0x3b
 662 00fe 0B       		.uleb128 0xb
 663 00ff 00       		.byte	0
 664 0100 00       		.byte	0
 665 0101 00       		.byte	0
 666              		.section	.debug_loc,"",%progbits
 667              	.Ldebug_loc0:
 668              	.LLST0:
 669 0000 4E000000 		.4byte	.LVL13
 670 0004 56000000 		.4byte	.LVL14
 671 0008 0200     		.2byte	0x2
 672 000a 74       		.byte	0x74
 673 000b 70       		.sleb128 -16
 674 000c 56000000 		.4byte	.LVL14
 675 0010 5C000000 		.4byte	.LFE64
 676 0014 0100     		.2byte	0x1
 677 0016 50       		.byte	0x50
 678 0017 00000000 		.4byte	0
 679 001b 00000000 		.4byte	0
 680              	.LLST1:
 681 001f 1A000000 		.4byte	.LVL3
 682 0023 4C000000 		.4byte	.LVL12
 683 0027 0100     		.2byte	0x1
 684 0029 54       		.byte	0x54
 685 002a 00000000 		.4byte	0
 686 002e 00000000 		.4byte	0
 687              	.LLST2:
 688 0032 34000000 		.4byte	.LVL8
 689 0036 56000000 		.4byte	.LVL14
 690 003a 0100     		.2byte	0x1
 691 003c 55       		.byte	0x55
 692 003d 00000000 		.4byte	0
 693 0041 00000000 		.4byte	0
 694              		.section	.debug_aranges,"",%progbits
 695 0000 24000000 		.4byte	0x24
ARM GAS  C:\Users\ADMH2\AppData\Local\Temp\ccwwRU7z.s 			page 14


 696 0004 0200     		.2byte	0x2
 697 0006 00000000 		.4byte	.Ldebug_info0
 698 000a 04       		.byte	0x4
 699 000b 00       		.byte	0
 700 000c 0000     		.2byte	0
 701 000e 0000     		.2byte	0
 702 0010 00000000 		.4byte	.LFB63
 703 0014 10000000 		.4byte	.LFE63-.LFB63
 704 0018 00000000 		.4byte	.LFB64
 705 001c 5C000000 		.4byte	.LFE64-.LFB64
 706 0020 00000000 		.4byte	0
 707 0024 00000000 		.4byte	0
 708              		.section	.debug_ranges,"",%progbits
 709              	.Ldebug_ranges0:
 710 0000 00000000 		.4byte	.LFB63
 711 0004 10000000 		.4byte	.LFE63
 712 0008 00000000 		.4byte	.LFB64
 713 000c 5C000000 		.4byte	.LFE64
 714 0010 00000000 		.4byte	0
 715 0014 00000000 		.4byte	0
 716              		.section	.debug_line,"",%progbits
 717              	.Ldebug_line0:
 718 0000 D9010000 		.section	.debug_str,"MS",%progbits,1
 718      0200A601 
 718      00000201 
 718      FB0E0D00 
 718      01010101 
 719              	.LASF27:
 720 0000 433A5C55 		.ascii	"C:\\Users\\ADMH2\\Documents\\PSoC Creator\\P6\\P6_1"
 720      73657273 
 720      5C41444D 
 720      48325C44 
 720      6F63756D 
 721 002d 2E637964 		.ascii	".cydsn\000"
 721      736E00
 722              	.LASF29:
 723 0034 5465636C 		.ascii	"Teclado_AsignarTecla\000"
 723      61646F5F 
 723      41736967 
 723      6E617254 
 723      65636C61 
 724              	.LASF9:
 725 0049 5F5F696E 		.ascii	"__int32_t\000"
 725      7433325F 
 725      7400
 726              	.LASF19:
 727 0053 66696C61 		.ascii	"fila\000"
 727      00
 728              	.LASF12:
 729 0058 666C6F61 		.ascii	"float\000"
 729      7400
 730              	.LASF1:
 731 005e 756E7369 		.ascii	"unsigned char\000"
 731      676E6564 
 731      20636861 
 731      7200
 732              	.LASF25:
ARM GAS  C:\Users\ADMH2\AppData\Local\Temp\ccwwRU7z.s 			page 15


 733 006c 474E5520 		.ascii	"GNU C11 5.4.1 20160609 (release) [ARM/embedded-5-br"
 733      43313120 
 733      352E342E 
 733      31203230 
 733      31363036 
 734 009f 616E6368 		.ascii	"anch revision 237715] -mcpu=cortex-m3 -mthumb -g -O"
 734      20726576 
 734      6973696F 
 734      6E203233 
 734      37373135 
 735 00d2 67202D66 		.ascii	"g -ffunction-sections -ffat-lto-objects\000"
 735      66756E63 
 735      74696F6E 
 735      2D736563 
 735      74696F6E 
 736              	.LASF22:
 737 00fa 5465636C 		.ascii	"Teclado_Column_Write\000"
 737      61646F5F 
 737      436F6C75 
 737      6D6E5F57 
 737      72697465 
 738              	.LASF5:
 739 010f 6C6F6E67 		.ascii	"long unsigned int\000"
 739      20756E73 
 739      69676E65 
 739      6420696E 
 739      7400
 740              	.LASF3:
 741 0121 73686F72 		.ascii	"short unsigned int\000"
 741      7420756E 
 741      7369676E 
 741      65642069 
 741      6E7400
 742              	.LASF30:
 743 0134 49544D5F 		.ascii	"ITM_RxBuffer\000"
 743      52784275 
 743      66666572 
 743      00
 744              	.LASF13:
 745 0141 646F7562 		.ascii	"double\000"
 745      6C6500
 746              	.LASF24:
 747 0148 43794465 		.ascii	"CyDelayUs\000"
 747      6C617955 
 747      7300
 748              	.LASF8:
 749 0152 756E7369 		.ascii	"unsigned int\000"
 749      676E6564 
 749      20696E74 
 749      00
 750              	.LASF7:
 751 015f 6C6F6E67 		.ascii	"long long unsigned int\000"
 751      206C6F6E 
 751      6720756E 
 751      7369676E 
 751      65642069 
 752              	.LASF21:
ARM GAS  C:\Users\ADMH2\AppData\Local\Temp\ccwwRU7z.s 			page 16


 753 0176 5465636C 		.ascii	"Teclado_Row_Write\000"
 753      61646F5F 
 753      526F775F 
 753      57726974 
 753      6500
 754              	.LASF26:
 755 0188 47656E65 		.ascii	"Generated_Source\\PSoC5\\Teclado_MatrixKeyboard.c\000"
 755      72617465 
 755      645F536F 
 755      75726365 
 755      5C50536F 
 756              	.LASF10:
 757 01b8 696E7433 		.ascii	"int32_t\000"
 757      325F7400 
 758              	.LASF16:
 759 01c0 73697A65 		.ascii	"sizetype\000"
 759      74797065 
 759      00
 760              	.LASF6:
 761 01c9 6C6F6E67 		.ascii	"long long int\000"
 761      206C6F6E 
 761      6720696E 
 761      7400
 762              	.LASF23:
 763 01d7 5465636C 		.ascii	"Teclado_Status_Reg_Read\000"
 763      61646F5F 
 763      53746174 
 763      75735F52 
 763      65675F52 
 764              	.LASF14:
 765 01ef 63686172 		.ascii	"char\000"
 765      00
 766              	.LASF20:
 767 01f4 636F6C75 		.ascii	"columna\000"
 767      6D6E6100 
 768              	.LASF2:
 769 01fc 73686F72 		.ascii	"short int\000"
 769      7420696E 
 769      7400
 770              	.LASF18:
 771 0206 42757474 		.ascii	"Button\000"
 771      6F6E00
 772              	.LASF11:
 773 020d 75696E74 		.ascii	"uint8\000"
 773      3800
 774              	.LASF28:
 775 0213 5465636C 		.ascii	"Teclado_Start\000"
 775      61646F5F 
 775      53746172 
 775      7400
 776              	.LASF4:
 777 0221 6C6F6E67 		.ascii	"long int\000"
 777      20696E74 
 777      00
 778              	.LASF15:
 779 022a 6C6F6E67 		.ascii	"long double\000"
 779      20646F75 
ARM GAS  C:\Users\ADMH2\AppData\Local\Temp\ccwwRU7z.s 			page 17


 779      626C6500 
 780              	.LASF0:
 781 0236 7369676E 		.ascii	"signed char\000"
 781      65642063 
 781      68617200 
 782              	.LASF17:
 783 0242 5465636C 		.ascii	"Teclado_Key\000"
 783      61646F5F 
 783      4B657900 
 784              		.ident	"GCC: (GNU Tools for ARM Embedded Processors) 5.4.1 20160609 (release) [ARM/embedded-5-bran
