--------------- Build Started: 11/27/2023 00:29:56 Project: P6_1, Configuration: ARM GCC 5.4-2016-q2-update Debug ---------------
The code generation step is up to date.
arm-none-eabi-gcc.exe -mcpu=cortex-m3 -mthumb -I. -IGenerated_Source\PSoC5 -Wa,-alh=.\CortexM3\ARM_GCC_541\Debug/main.lst -g -D DEBUG -D CY_CORE_ID=0 -Wall -ffunction-sections -ffat-lto-objects -Og -c main.c -o .\CortexM3\ARM_GCC_541\Debug\main.o
main.c: In function 'main':
main.c:85:5: warning: implicit declaration of function 'Teclado_Start' [-Wimplicit-function-declaration]
     Teclado_Start();
     ^
main.c:121:21: warning: implicit declaration of function 'Teclado_AsignarTecla' [-Wimplicit-function-declaration]
             tecla = Teclado_AsignarTecla();
                     ^
In file included from Generated_Source\PSoC5/project.h:22:0,
                 from main.c:12:
Generated_Source\PSoC5/LCD.h:130:38: warning: statement with no effect [-Wunused-value]
 #define LCD_CLEAR_DISPLAY            (0x01u)
                                      ^
main.c:258:13: note: in expansion of macro 'LCD_CLEAR_DISPLAY'
             LCD_CLEAR_DISPLAY;
             ^
arm-none-eabi-ar.exe -rs .\CortexM3\ARM_GCC_541\Debug\P6_1.a .\CortexM3\ARM_GCC_541\Debug\LCD.o .\CortexM3\ARM_GCC_541\Debug\LCD_PM.o .\CortexM3\ARM_GCC_541\Debug\LCD_CustChars.o .\CortexM3\ARM_GCC_541\Debug\Teclado_MatrixKeyboard.o .\CortexM3\ARM_GCC_541\Debug\Clock_1.o .\CortexM3\ARM_GCC_541\Debug\ISR_Key.o .\CortexM3\ARM_GCC_541\Debug\unlog.o .\CortexM3\ARM_GCC_541\Debug\logoutisr.o .\CortexM3\ARM_GCC_541\Debug\Contaor.o .\CortexM3\ARM_GCC_541\Debug\Contaor_PM.o .\CortexM3\ARM_GCC_541\Debug\Clock_2.o .\CortexM3\ARM_GCC_541\Debug\UanMS.o .\CortexM3\ARM_GCC_541\Debug\ADC.o .\CortexM3\ARM_GCC_541\Debug\ADC_INT.o .\CortexM3\ARM_GCC_541\Debug\ADC_PM.o .\CortexM3\ARM_GCC_541\Debug\LCD_LCDPort.o .\CortexM3\ARM_GCC_541\Debug\Teclado_Column.o .\CortexM3\ARM_GCC_541\Debug\Teclado_Row.o .\CortexM3\ARM_GCC_541\Debug\Teclado_Status_Reg.o .\CortexM3\ARM_GCC_541\Debug\ADC_IRQ.o .\CortexM3\ARM_GCC_541\Debug\ADC_theACLK.o .\CortexM3\ARM_GCC_541\Debug\CyDmac.o .\CortexM3\ARM_GCC_541\Debug\CyFlash.o .\CortexM3\ARM_GCC_541\Debug\CyLib.o .\CortexM3\ARM_GCC_541\Debug\cyPm.o .\CortexM3\ARM_GCC_541\Debug\CySpc.o .\CortexM3\ARM_GCC_541\Debug\cyutils.o .\CortexM3\ARM_GCC_541\Debug\cy_em_eeprom.o .\CortexM3\ARM_GCC_541\Debug\PWM.o .\CortexM3\ARM_GCC_541\Debug\PWM_PM.o .\CortexM3\ARM_GCC_541\Debug\Clock_3.o .\CortexM3\ARM_GCC_541\Debug\pwmpin.o .\CortexM3\ARM_GCC_541\Debug\LED_Driver_1.o .\CortexM3\ARM_GCC_541\Debug\LED_Driver_1_PM.o .\CortexM3\ARM_GCC_541\Debug\LED_Driver_1_ClkInternal.o .\CortexM3\ARM_GCC_541\Debug\LED_Driver_1_Seg_Driver_L.o .\CortexM3\ARM_GCC_541\Debug\LED_Driver_1_Seg_Driver_L_PM.o .\CortexM3\ARM_GCC_541\Debug\LED_Driver_1_Com_Driver.o .\CortexM3\ARM_GCC_541\Debug\LED_Driver_1_Com_Driver_PM.o .\CortexM3\ARM_GCC_541\Debug\LED_Driver_1_DMA_Com_dma.o .\CortexM3\ARM_GCC_541\Debug\LED_Driver_1_DMA_Seg_dma.o .\CortexM3\ARM_GCC_541\Debug\LED_Driver_1_DMA_BC_dma.o .\CortexM3\ARM_GCC_541\Debug\led.o .\CortexM3\ARM_GCC_541\Debug\tempe.o .\CortexM3\ARM_GCC_541\Debug\humed.o .\CortexM3\ARM_GCC_541\Debug\AMux_1.o .\CortexM3\ARM_GCC_541\Debug\RTC.o .\CortexM3\ARM_GCC_541\Debug\RTC_INT.o .\CortexM3\ARM_GCC_541\Debug\CyBootAsmGnu.o
arm-none-eabi-ar.exe: creating .\CortexM3\ARM_GCC_541\Debug\P6_1.a
arm-none-eabi-gcc.exe -Wl,--start-group -o "C:\Users\ADMH2\Documents\PSoC Creator\P6\P6_1.cydsn\CortexM3\ARM_GCC_541\Debug\P6_1.elf" .\CortexM3\ARM_GCC_541\Debug\main.o .\CortexM3\ARM_GCC_541\Debug\cyfitter_cfg.o .\CortexM3\ARM_GCC_541\Debug\cymetadata.o .\CortexM3\ARM_GCC_541\Debug\Cm3Start.o .\CortexM3\ARM_GCC_541\Debug\P6_1.a "C:\Program Files (x86)\Cypress\PSoC Creator\4.4\PSoC Creator\psoc\content\cycomponentlibrary\CyComponentLibrary.cylib\CortexM3\ARM_GCC_541\Debug\CyComponentLibrary.a" -mcpu=cortex-m3 -mthumb -L Generated_Source\PSoC5 -Wl,-Map,.\CortexM3\ARM_GCC_541\Debug/P6_1.map -T Generated_Source\PSoC5\cm3gcc.ld -specs=nano.specs -Wl,--gc-sections -g -ffunction-sections -Og -ffat-lto-objects -Wl,--end-group
cyelftool.exe -C "C:\Users\ADMH2\Documents\PSoC Creator\P6\P6_1.cydsn\CortexM3\ARM_GCC_541\Debug\P6_1.elf" --flash_row_size 256 --flash_size 262144 --flash_offset 0x00000000
No ELF section .cychecksum found, creating one
Application checksum calculated and stored in ELF section .cychecksum
Checksum calculated and stored in ELF section .cymeta
cyelftool.exe -S "C:\Users\ADMH2\Documents\PSoC Creator\P6\P6_1.cydsn\CortexM3\ARM_GCC_541\Debug\P6_1.elf"
Flash used: 9998 of 262144 bytes (3,8 %).
SRAM used: 2729 of 65536 bytes (4,2 %). Stack: 2048 bytes. Heap: 128 bytes.
--------------- Build Succeeded: 11/27/2023 00:29:58 ---------------
